[0.251s] Invoking command in '/home/cairlab/Documents/GitHub/Isaac_Thorvald/build/rasberry_gazebo': CMAKE_PREFIX_PATH=/opt/ros/humble /usr/bin/cmake /home/cairlab/Documents/GitHub/Isaac_Thorvald/thorvald_nvidia/loki/rasberry_gazebo -DCMAKE_INSTALL_PREFIX=/home/cairlab/Documents/GitHub/Isaac_Thorvald/install/rasberry_gazebo
[0.299s] -- The C compiler identification is GNU 11.4.0
[0.345s] -- The CXX compiler identification is GNU 11.4.0
[0.353s] -- Detecting C compiler ABI info
[0.414s] -- Detecting C compiler ABI info - done
[0.420s] -- Check for working C compiler: /usr/bin/cc - skipped
[0.421s] -- Detecting C compile features
[0.421s] -- Detecting C compile features - done
[0.423s] -- Detecting CXX compiler ABI info
[0.491s] -- Detecting CXX compiler ABI info - done
[0.502s] -- Check for working CXX compiler: /usr/bin/c++ - skipped
[0.502s] -- Detecting CXX compile features
[0.503s] -- Detecting CXX compile features - done
[0.505s] -- Found ament_cmake: 1.3.5 (/opt/ros/humble/share/ament_cmake/cmake)
[0.832s] -- Found Python3: /usr/bin/python3.10 (found version "3.10.12") found components: Interpreter 
[0.908s] -- Found rclcpp: 16.0.6 (/opt/ros/humble/share/rclcpp/cmake)
[0.951s] -- Found rosidl_generator_c: 3.1.5 (/opt/ros/humble/share/rosidl_generator_c/cmake)
[0.957s] -- Found rosidl_adapter: 3.1.5 (/opt/ros/humble/share/rosidl_adapter/cmake)
[0.970s] -- Found rosidl_generator_cpp: 3.1.5 (/opt/ros/humble/share/rosidl_generator_cpp/cmake)
[0.990s] -- Using all available rosidl_typesupport_c: rosidl_typesupport_fastrtps_c;rosidl_typesupport_introspection_c
[1.016s] -- Using all available rosidl_typesupport_cpp: rosidl_typesupport_fastrtps_cpp;rosidl_typesupport_introspection_cpp
[1.090s] -- Found rmw_implementation_cmake: 6.1.1 (/opt/ros/humble/share/rmw_implementation_cmake/cmake)
[1.092s] -- Found rmw_fastrtps_cpp: 6.2.4 (/opt/ros/humble/share/rmw_fastrtps_cpp/cmake)
[1.189s] -- Found OpenSSL: /usr/lib/x86_64-linux-gnu/libcrypto.so (found version "3.0.2")  
[1.224s] -- Found FastRTPS: /opt/ros/humble/include  
[1.269s] -- Using RMW implementation 'rmw_fastrtps_cpp' as default
[1.279s] -- Looking for pthread.h
[1.338s] -- Looking for pthread.h - found
[1.339s] -- Performing Test CMAKE_HAVE_LIBC_PTHREAD
[1.401s] -- Performing Test CMAKE_HAVE_LIBC_PTHREAD - Success
[1.402s] -- Found Threads: TRUE  
[1.556s] -- Found rclpy: 3.3.10 (/opt/ros/humble/share/rclpy/cmake)
[1.558s] -- Found control_msgs: 4.4.0 (/opt/ros/humble/share/control_msgs/cmake)
[2.018s] -- Found tf2: 0.25.4 (/opt/ros/humble/share/tf2/cmake)
[2.032s] -- Found gazebo_ros_pkgs: 3.7.0 (/opt/ros/humble/share/gazebo_ros_pkgs/cmake)
[2.034s] -- Found nav2_map_server: 1.1.9 (/opt/ros/humble/share/nav2_map_server/cmake)
[2.621s] -- Found eigen3_cmake_module: 0.1.1 (/opt/ros/humble/share/eigen3_cmake_module/cmake)
[2.622s] -- Found Eigen3: TRUE (found version "3.4.0") 
[2.622s] -- Ensuring Eigen3 include directory is part of orocos-kdl CMake target
[3.778s] -- Found navigation2: 1.1.9 (/opt/ros/humble/share/navigation2/cmake)
[3.780s] -- Found robot_localization: 3.5.1 (/opt/ros/humble/share/robot_localization/cmake)
[4.011s] -- Found robot_state_publisher: 3.0.2 (/opt/ros/humble/share/robot_state_publisher/cmake)
[4.134s] -- Configuring done
[4.140s] -- Generating done
[4.142s] -- Build files have been written to: /home/cairlab/Documents/GitHub/Isaac_Thorvald/build/rasberry_gazebo
[4.151s] Invoked command in '/home/cairlab/Documents/GitHub/Isaac_Thorvald/build/rasberry_gazebo' returned '0': CMAKE_PREFIX_PATH=/opt/ros/humble /usr/bin/cmake /home/cairlab/Documents/GitHub/Isaac_Thorvald/thorvald_nvidia/loki/rasberry_gazebo -DCMAKE_INSTALL_PREFIX=/home/cairlab/Documents/GitHub/Isaac_Thorvald/install/rasberry_gazebo
[4.152s] Invoking command in '/home/cairlab/Documents/GitHub/Isaac_Thorvald/build/rasberry_gazebo': CMAKE_PREFIX_PATH=/opt/ros/humble /usr/bin/cmake --build /home/cairlab/Documents/GitHub/Isaac_Thorvald/build/rasberry_gazebo -- -j12 -l12
[4.191s] Invoked command in '/home/cairlab/Documents/GitHub/Isaac_Thorvald/build/rasberry_gazebo' returned '0': CMAKE_PREFIX_PATH=/opt/ros/humble /usr/bin/cmake --build /home/cairlab/Documents/GitHub/Isaac_Thorvald/build/rasberry_gazebo -- -j12 -l12
[4.209s] Invoking command in '/home/cairlab/Documents/GitHub/Isaac_Thorvald/build/rasberry_gazebo': CMAKE_PREFIX_PATH=/opt/ros/humble /usr/bin/cmake --install /home/cairlab/Documents/GitHub/Isaac_Thorvald/build/rasberry_gazebo
[4.215s] -- Install configuration: ""
[4.215s] -- Installing: /home/cairlab/Documents/GitHub/Isaac_Thorvald/install/rasberry_gazebo/lib/rasberry_gazebo/move_base_seq.py
[4.215s] -- Installing: /home/cairlab/Documents/GitHub/Isaac_Thorvald/install/rasberry_gazebo/share/rasberry_gazebo/launch
[4.215s] -- Installing: /home/cairlab/Documents/GitHub/Isaac_Thorvald/install/rasberry_gazebo/share/rasberry_gazebo/launch/world.launch
[4.215s] -- Installing: /home/cairlab/Documents/GitHub/Isaac_Thorvald/install/rasberry_gazebo/share/rasberry_gazebo/worlds
[4.215s] -- Installing: /home/cairlab/Documents/GitHub/Isaac_Thorvald/install/rasberry_gazebo/share/rasberry_gazebo/worlds/empty_grass.world
[4.216s] -- Installing: /home/cairlab/Documents/GitHub/Isaac_Thorvald/install/rasberry_gazebo/share/ament_index/resource_index/package_run_dependencies/rasberry_gazebo
[4.216s] -- Installing: /home/cairlab/Documents/GitHub/Isaac_Thorvald/install/rasberry_gazebo/share/ament_index/resource_index/parent_prefix_path/rasberry_gazebo
[4.216s] -- Installing: /home/cairlab/Documents/GitHub/Isaac_Thorvald/install/rasberry_gazebo/share/rasberry_gazebo/environment/ament_prefix_path.sh
[4.216s] -- Installing: /home/cairlab/Documents/GitHub/Isaac_Thorvald/install/rasberry_gazebo/share/rasberry_gazebo/environment/ament_prefix_path.dsv
[4.216s] -- Installing: /home/cairlab/Documents/GitHub/Isaac_Thorvald/install/rasberry_gazebo/share/rasberry_gazebo/environment/path.sh
[4.216s] -- Installing: /home/cairlab/Documents/GitHub/Isaac_Thorvald/install/rasberry_gazebo/share/rasberry_gazebo/environment/path.dsv
[4.216s] -- Installing: /home/cairlab/Documents/GitHub/Isaac_Thorvald/install/rasberry_gazebo/share/rasberry_gazebo/local_setup.bash
[4.216s] -- Installing: /home/cairlab/Documents/GitHub/Isaac_Thorvald/install/rasberry_gazebo/share/rasberry_gazebo/local_setup.sh
[4.217s] -- Installing: /home/cairlab/Documents/GitHub/Isaac_Thorvald/install/rasberry_gazebo/share/rasberry_gazebo/local_setup.zsh
[4.217s] -- Installing: /home/cairlab/Documents/GitHub/Isaac_Thorvald/install/rasberry_gazebo/share/rasberry_gazebo/local_setup.dsv
[4.217s] -- Installing: /home/cairlab/Documents/GitHub/Isaac_Thorvald/install/rasberry_gazebo/share/rasberry_gazebo/package.dsv
[4.217s] -- Installing: /home/cairlab/Documents/GitHub/Isaac_Thorvald/install/rasberry_gazebo/share/ament_index/resource_index/packages/rasberry_gazebo
[4.217s] -- Installing: /home/cairlab/Documents/GitHub/Isaac_Thorvald/install/rasberry_gazebo/share/rasberry_gazebo/cmake/rasberry_gazeboConfig.cmake
[4.217s] -- Installing: /home/cairlab/Documents/GitHub/Isaac_Thorvald/install/rasberry_gazebo/share/rasberry_gazebo/cmake/rasberry_gazeboConfig-version.cmake
[4.217s] -- Installing: /home/cairlab/Documents/GitHub/Isaac_Thorvald/install/rasberry_gazebo/share/rasberry_gazebo/package.xml
[4.219s] Invoked command in '/home/cairlab/Documents/GitHub/Isaac_Thorvald/build/rasberry_gazebo' returned '0': CMAKE_PREFIX_PATH=/opt/ros/humble /usr/bin/cmake --install /home/cairlab/Documents/GitHub/Isaac_Thorvald/build/rasberry_gazebo
