[0.734s] Invoking command in '/home/cairlab/Documents/GitHub/Isaac_Thorvald/thorvald_nvidia/loki/loki_base': AMENT_PREFIX_PATH=/home/cairlab/Documents/GitHub/Isaac_Thorvald/install/loki_can_devices:/home/cairlab/Documents/GitHub/Isaac_Thorvald/install/loki_msgs:/home/cairlab/Documents/GitHub/Isaac_Thorvald/install/loki_description:${AMENT_PREFIX_PATH} CMAKE_PREFIX_PATH=/home/cairlab/Documents/GitHub/Isaac_Thorvald/install/loki_can_devices:/home/cairlab/Documents/GitHub/Isaac_Thorvald/install/loki_msgs:/home/cairlab/Documents/GitHub/Isaac_Thorvald/install/loki_description LD_LIBRARY_PATH=/home/cairlab/Documents/GitHub/Isaac_Thorvald/install/loki_can_devices/lib:/home/cairlab/Documents/GitHub/Isaac_Thorvald/install/loki_msgs/lib:${LD_LIBRARY_PATH} PYTHONPATH=/home/cairlab/Documents/GitHub/Isaac_Thorvald/build/loki_base/prefix_override:/home/cairlab/Documents/GitHub/Isaac_Thorvald/install/loki_base/lib/python3.10/site-packages:/home/cairlab/Documents/GitHub/Isaac_Thorvald/install/loki_msgs/local/lib/python3.10/dist-packages:${PYTHONPATH} /usr/bin/python3 setup.py egg_info --egg-base ../../../build/loki_base build --build-base /home/cairlab/Documents/GitHub/Isaac_Thorvald/build/loki_base/build install --record /home/cairlab/Documents/GitHub/Isaac_Thorvald/build/loki_base/install.log --single-version-externally-managed
[0.911s] running egg_info
[0.911s] creating ../../../build/loki_base/loki_base.egg-info
[0.924s] writing ../../../build/loki_base/loki_base.egg-info/PKG-INFO
[0.924s] writing dependency_links to ../../../build/loki_base/loki_base.egg-info/dependency_links.txt
[0.924s] writing entry points to ../../../build/loki_base/loki_base.egg-info/entry_points.txt
[0.924s] writing requirements to ../../../build/loki_base/loki_base.egg-info/requires.txt
[0.925s] writing top-level names to ../../../build/loki_base/loki_base.egg-info/top_level.txt
[0.925s] writing manifest file '../../../build/loki_base/loki_base.egg-info/SOURCES.txt'
[0.951s] reading manifest file '../../../build/loki_base/loki_base.egg-info/SOURCES.txt'
[0.952s] writing manifest file '../../../build/loki_base/loki_base.egg-info/SOURCES.txt'
[0.952s] running build
[0.952s] running build_py
[0.953s] creating /home/cairlab/Documents/GitHub/Isaac_Thorvald/build/loki_base/build
[0.953s] creating /home/cairlab/Documents/GitHub/Isaac_Thorvald/build/loki_base/build/lib
[0.953s] creating /home/cairlab/Documents/GitHub/Isaac_Thorvald/build/loki_base/build/lib/loki_base
[0.953s] copying loki_base/base_driver.py -> /home/cairlab/Documents/GitHub/Isaac_Thorvald/build/loki_base/build/lib/loki_base
[0.953s] copying loki_base/pltf_clc_std.py -> /home/cairlab/Documents/GitHub/Isaac_Thorvald/build/loki_base/build/lib/loki_base
[0.953s] copying loki_base/Py_Base_State.py -> /home/cairlab/Documents/GitHub/Isaac_Thorvald/build/loki_base/build/lib/loki_base
[0.953s] copying loki_base/enclosure_board_serial.py -> /home/cairlab/Documents/GitHub/Isaac_Thorvald/build/loki_base/build/lib/loki_base
[0.954s] copying loki_base/canframe.py -> /home/cairlab/Documents/GitHub/Isaac_Thorvald/build/loki_base/build/lib/loki_base
[0.954s] copying loki_base/__init__.py -> /home/cairlab/Documents/GitHub/Isaac_Thorvald/build/loki_base/build/lib/loki_base
[0.954s] running install
[0.955s] /home/cairlab/.local/lib/python3.10/site-packages/setuptools/_distutils/cmd.py:66: SetuptoolsDeprecationWarning: setup.py install is deprecated.
[0.955s] !!
[0.955s] 
[0.955s]         ********************************************************************************
[0.955s]         Please avoid running ``setup.py`` directly.
[0.955s]         Instead, use pypa/build, pypa/installer or other
[0.955s]         standards-based tools.
[0.955s] 
[0.955s]         See https://blog.ganssle.io/articles/2021/10/setup-py-deprecated.html for details.
[0.955s]         ********************************************************************************
[0.955s] 
[0.955s] !!
[0.955s]   self.initialize_options()
[0.962s] running install_lib
[0.976s] creating /home/cairlab/Documents/GitHub/Isaac_Thorvald/install/loki_base/lib/python3.10/site-packages/loki_base
[0.976s] copying /home/cairlab/Documents/GitHub/Isaac_Thorvald/build/loki_base/build/lib/loki_base/base_driver.py -> /home/cairlab/Documents/GitHub/Isaac_Thorvald/install/loki_base/lib/python3.10/site-packages/loki_base
[0.976s] copying /home/cairlab/Documents/GitHub/Isaac_Thorvald/build/loki_base/build/lib/loki_base/pltf_clc_std.py -> /home/cairlab/Documents/GitHub/Isaac_Thorvald/install/loki_base/lib/python3.10/site-packages/loki_base
[0.976s] copying /home/cairlab/Documents/GitHub/Isaac_Thorvald/build/loki_base/build/lib/loki_base/Py_Base_State.py -> /home/cairlab/Documents/GitHub/Isaac_Thorvald/install/loki_base/lib/python3.10/site-packages/loki_base
[0.977s] copying /home/cairlab/Documents/GitHub/Isaac_Thorvald/build/loki_base/build/lib/loki_base/enclosure_board_serial.py -> /home/cairlab/Documents/GitHub/Isaac_Thorvald/install/loki_base/lib/python3.10/site-packages/loki_base
[0.977s] copying /home/cairlab/Documents/GitHub/Isaac_Thorvald/build/loki_base/build/lib/loki_base/canframe.py -> /home/cairlab/Documents/GitHub/Isaac_Thorvald/install/loki_base/lib/python3.10/site-packages/loki_base
[0.977s] copying /home/cairlab/Documents/GitHub/Isaac_Thorvald/build/loki_base/build/lib/loki_base/__init__.py -> /home/cairlab/Documents/GitHub/Isaac_Thorvald/install/loki_base/lib/python3.10/site-packages/loki_base
[0.978s] byte-compiling /home/cairlab/Documents/GitHub/Isaac_Thorvald/install/loki_base/lib/python3.10/site-packages/loki_base/base_driver.py to base_driver.cpython-310.pyc
[0.982s] byte-compiling /home/cairlab/Documents/GitHub/Isaac_Thorvald/install/loki_base/lib/python3.10/site-packages/loki_base/pltf_clc_std.py to pltf_clc_std.cpython-310.pyc
[0.983s] byte-compiling /home/cairlab/Documents/GitHub/Isaac_Thorvald/install/loki_base/lib/python3.10/site-packages/loki_base/Py_Base_State.py to Py_Base_State.cpython-310.pyc
[0.984s] byte-compiling /home/cairlab/Documents/GitHub/Isaac_Thorvald/install/loki_base/lib/python3.10/site-packages/loki_base/enclosure_board_serial.py to enclosure_board_serial.cpython-310.pyc
[0.985s] byte-compiling /home/cairlab/Documents/GitHub/Isaac_Thorvald/install/loki_base/lib/python3.10/site-packages/loki_base/canframe.py to canframe.cpython-310.pyc
[0.986s] byte-compiling /home/cairlab/Documents/GitHub/Isaac_Thorvald/install/loki_base/lib/python3.10/site-packages/loki_base/__init__.py to __init__.cpython-310.pyc
[0.986s] running install_data
[0.999s] creating /home/cairlab/Documents/GitHub/Isaac_Thorvald/install/loki_base/share/ament_index
[0.999s] creating /home/cairlab/Documents/GitHub/Isaac_Thorvald/install/loki_base/share/ament_index/resource_index
[0.999s] creating /home/cairlab/Documents/GitHub/Isaac_Thorvald/install/loki_base/share/ament_index/resource_index/packages
[0.999s] copying resource/loki_base -> /home/cairlab/Documents/GitHub/Isaac_Thorvald/install/loki_base/share/ament_index/resource_index/packages
[0.999s] copying package.xml -> /home/cairlab/Documents/GitHub/Isaac_Thorvald/install/loki_base/share/loki_base
[0.999s] creating /home/cairlab/Documents/GitHub/Isaac_Thorvald/install/loki_base/share/loki_base/launch
[1.000s] copying launch/base_bringup.launch.py -> /home/cairlab/Documents/GitHub/Isaac_Thorvald/install/loki_base/share/loki_base/launch
[1.000s] creating /home/cairlab/Documents/GitHub/Isaac_Thorvald/install/loki_base/share/loki_base/config
[1.000s] copying config/robot_017.yaml -> /home/cairlab/Documents/GitHub/Isaac_Thorvald/install/loki_base/share/loki_base/config
[1.000s] running install_egg_info
[1.014s] Copying ../../../build/loki_base/loki_base.egg-info to /home/cairlab/Documents/GitHub/Isaac_Thorvald/install/loki_base/lib/python3.10/site-packages/loki_base-2.0.0-py3.10.egg-info
[1.015s] running install_scripts
[1.148s] Installing base_driver script to /home/cairlab/Documents/GitHub/Isaac_Thorvald/install/loki_base/lib/loki_base
[1.148s] Installing enlcosure_board_serial script to /home/cairlab/Documents/GitHub/Isaac_Thorvald/install/loki_base/lib/loki_base
[1.149s] writing list of installed files to '/home/cairlab/Documents/GitHub/Isaac_Thorvald/build/loki_base/install.log'
[1.169s] Invoked command in '/home/cairlab/Documents/GitHub/Isaac_Thorvald/thorvald_nvidia/loki/loki_base' returned '0': AMENT_PREFIX_PATH=/home/cairlab/Documents/GitHub/Isaac_Thorvald/install/loki_can_devices:/home/cairlab/Documents/GitHub/Isaac_Thorvald/install/loki_msgs:/home/cairlab/Documents/GitHub/Isaac_Thorvald/install/loki_description:${AMENT_PREFIX_PATH} CMAKE_PREFIX_PATH=/home/cairlab/Documents/GitHub/Isaac_Thorvald/install/loki_can_devices:/home/cairlab/Documents/GitHub/Isaac_Thorvald/install/loki_msgs:/home/cairlab/Documents/GitHub/Isaac_Thorvald/install/loki_description LD_LIBRARY_PATH=/home/cairlab/Documents/GitHub/Isaac_Thorvald/install/loki_can_devices/lib:/home/cairlab/Documents/GitHub/Isaac_Thorvald/install/loki_msgs/lib:${LD_LIBRARY_PATH} PYTHONPATH=/home/cairlab/Documents/GitHub/Isaac_Thorvald/build/loki_base/prefix_override:/home/cairlab/Documents/GitHub/Isaac_Thorvald/install/loki_base/lib/python3.10/site-packages:/home/cairlab/Documents/GitHub/Isaac_Thorvald/install/loki_msgs/local/lib/python3.10/dist-packages:${PYTHONPATH} /usr/bin/python3 setup.py egg_info --egg-base ../../../build/loki_base build --build-base /home/cairlab/Documents/GitHub/Isaac_Thorvald/build/loki_base/build install --record /home/cairlab/Documents/GitHub/Isaac_Thorvald/build/loki_base/install.log --single-version-externally-managed
