[0.698s] Invoking command in '/home/cairlab/Documents/GitHub/Isaac_Thorvald/thorvald_nvidia/loki/loki_base': AMENT_PREFIX_PATH=/home/cairlab/Documents/GitHub/Isaac_Thorvald/install/loki_can_devices:/home/cairlab/Documents/GitHub/Isaac_Thorvald/install/loki_msgs:/home/cairlab/Documents/GitHub/Isaac_Thorvald/install/loki_description:${AMENT_PREFIX_PATH} CMAKE_PREFIX_PATH=/home/cairlab/Documents/GitHub/Isaac_Thorvald/install/loki_can_devices:/home/cairlab/Documents/GitHub/Isaac_Thorvald/install/loki_msgs:/home/cairlab/Documents/GitHub/Isaac_Thorvald/install/loki_description LD_LIBRARY_PATH=/home/cairlab/Documents/GitHub/Isaac_Thorvald/install/loki_can_devices/lib:/home/cairlab/Documents/GitHub/Isaac_Thorvald/install/loki_msgs/lib:${LD_LIBRARY_PATH} PYTHONPATH=/home/cairlab/Documents/GitHub/Isaac_Thorvald/build/loki_base/prefix_override:/home/cairlab/Documents/GitHub/Isaac_Thorvald/install/loki_base/lib/python3.10/site-packages:/home/cairlab/Documents/GitHub/Isaac_Thorvald/install/loki_msgs/local/lib/python3.10/dist-packages:${PYTHONPATH} /usr/bin/python3 setup.py egg_info --egg-base ../../../build/loki_base build --build-base /home/cairlab/Documents/GitHub/Isaac_Thorvald/build/loki_base/build install --record /home/cairlab/Documents/GitHub/Isaac_Thorvald/build/loki_base/install.log --single-version-externally-managed
[0.874s] running egg_info
[0.887s] writing ../../../build/loki_base/loki_base.egg-info/PKG-INFO
[0.887s] writing dependency_links to ../../../build/loki_base/loki_base.egg-info/dependency_links.txt
[0.888s] writing entry points to ../../../build/loki_base/loki_base.egg-info/entry_points.txt
[0.888s] writing requirements to ../../../build/loki_base/loki_base.egg-info/requires.txt
[0.888s] writing top-level names to ../../../build/loki_base/loki_base.egg-info/top_level.txt
[0.914s] reading manifest file '../../../build/loki_base/loki_base.egg-info/SOURCES.txt'
[0.915s] writing manifest file '../../../build/loki_base/loki_base.egg-info/SOURCES.txt'
[0.915s] running build
[0.915s] running build_py
[0.915s] running install
[0.915s] /home/cairlab/.local/lib/python3.10/site-packages/setuptools/_distutils/cmd.py:66: SetuptoolsDeprecationWarning: setup.py install is deprecated.
[0.915s] !!
[0.916s] 
[0.916s]         ********************************************************************************
[0.916s]         Please avoid running ``setup.py`` directly.
[0.916s]         Instead, use pypa/build, pypa/installer or other
[0.916s]         standards-based tools.
[0.916s] 
[0.916s]         See https://blog.ganssle.io/articles/2021/10/setup-py-deprecated.html for details.
[0.916s]         ********************************************************************************
[0.916s] 
[0.916s] !!
[0.916s]   self.initialize_options()
[0.920s] running install_lib
[0.933s] running install_data
[0.946s] running install_egg_info
[0.960s] removing '/home/cairlab/Documents/GitHub/Isaac_Thorvald/install/loki_base/lib/python3.10/site-packages/loki_base-2.0.0-py3.10.egg-info' (and everything under it)
[0.960s] Copying ../../../build/loki_base/loki_base.egg-info to /home/cairlab/Documents/GitHub/Isaac_Thorvald/install/loki_base/lib/python3.10/site-packages/loki_base-2.0.0-py3.10.egg-info
[0.961s] running install_scripts
[1.095s] Installing base_driver script to /home/cairlab/Documents/GitHub/Isaac_Thorvald/install/loki_base/lib/loki_base
[1.095s] Installing enlcosure_board_serial script to /home/cairlab/Documents/GitHub/Isaac_Thorvald/install/loki_base/lib/loki_base
[1.095s] writing list of installed files to '/home/cairlab/Documents/GitHub/Isaac_Thorvald/build/loki_base/install.log'
[1.113s] Invoked command in '/home/cairlab/Documents/GitHub/Isaac_Thorvald/thorvald_nvidia/loki/loki_base' returned '0': AMENT_PREFIX_PATH=/home/cairlab/Documents/GitHub/Isaac_Thorvald/install/loki_can_devices:/home/cairlab/Documents/GitHub/Isaac_Thorvald/install/loki_msgs:/home/cairlab/Documents/GitHub/Isaac_Thorvald/install/loki_description:${AMENT_PREFIX_PATH} CMAKE_PREFIX_PATH=/home/cairlab/Documents/GitHub/Isaac_Thorvald/install/loki_can_devices:/home/cairlab/Documents/GitHub/Isaac_Thorvald/install/loki_msgs:/home/cairlab/Documents/GitHub/Isaac_Thorvald/install/loki_description LD_LIBRARY_PATH=/home/cairlab/Documents/GitHub/Isaac_Thorvald/install/loki_can_devices/lib:/home/cairlab/Documents/GitHub/Isaac_Thorvald/install/loki_msgs/lib:${LD_LIBRARY_PATH} PYTHONPATH=/home/cairlab/Documents/GitHub/Isaac_Thorvald/build/loki_base/prefix_override:/home/cairlab/Documents/GitHub/Isaac_Thorvald/install/loki_base/lib/python3.10/site-packages:/home/cairlab/Documents/GitHub/Isaac_Thorvald/install/loki_msgs/local/lib/python3.10/dist-packages:${PYTHONPATH} /usr/bin/python3 setup.py egg_info --egg-base ../../../build/loki_base build --build-base /home/cairlab/Documents/GitHub/Isaac_Thorvald/build/loki_base/build install --record /home/cairlab/Documents/GitHub/Isaac_Thorvald/build/loki_base/install.log --single-version-externally-managed
