[1.054s] Invoking command in '/home/cairlab/Documents/GitHub/Isaac_Thorvald/thorvald_nvidia/loki/loki_teleop': PYTHONPATH=/home/cairlab/Documents/GitHub/Isaac_Thorvald/build/loki_teleop/prefix_override:/home/cairlab/Documents/GitHub/Isaac_Thorvald/install/loki_teleop/lib/python3.10/site-packages:${PYTHONPATH} /usr/bin/python3 setup.py egg_info --egg-base ../../../build/loki_teleop build --build-base /home/cairlab/Documents/GitHub/Isaac_Thorvald/build/loki_teleop/build install --record /home/cairlab/Documents/GitHub/Isaac_Thorvald/build/loki_teleop/install.log --single-version-externally-managed
[1.284s] running egg_info
[1.299s] writing ../../../build/loki_teleop/loki_teleop.egg-info/PKG-INFO
[1.299s] writing dependency_links to ../../../build/loki_teleop/loki_teleop.egg-info/dependency_links.txt
[1.300s] writing entry points to ../../../build/loki_teleop/loki_teleop.egg-info/entry_points.txt
[1.300s] writing requirements to ../../../build/loki_teleop/loki_teleop.egg-info/requires.txt
[1.300s] writing top-level names to ../../../build/loki_teleop/loki_teleop.egg-info/top_level.txt
[1.333s] reading manifest file '../../../build/loki_teleop/loki_teleop.egg-info/SOURCES.txt'
[1.334s] writing manifest file '../../../build/loki_teleop/loki_teleop.egg-info/SOURCES.txt'
[1.334s] running build
[1.334s] running build_py
[1.335s] running install
[1.335s] /home/cairlab/.local/lib/python3.10/site-packages/setuptools/_distutils/cmd.py:66: SetuptoolsDeprecationWarning: setup.py install is deprecated.
[1.335s] !!
[1.335s] 
[1.336s]         ********************************************************************************
[1.336s]         Please avoid running ``setup.py`` directly.
[1.336s]         Instead, use pypa/build, pypa/installer or other
[1.336s]         standards-based tools.
[1.336s] 
[1.336s]         See https://blog.ganssle.io/articles/2021/10/setup-py-deprecated.html for details.
[1.336s]         ********************************************************************************
[1.336s] 
[1.336s] !!
[1.336s]   self.initialize_options()
[1.342s] running install_lib
[1.357s] running install_data
[1.373s] running install_egg_info
[1.390s] removing '/home/cairlab/Documents/GitHub/Isaac_Thorvald/install/loki_teleop/lib/python3.10/site-packages/loki_teleop-2.0.0-py3.10.egg-info' (and everything under it)
[1.390s] Copying ../../../build/loki_teleop/loki_teleop.egg-info to /home/cairlab/Documents/GitHub/Isaac_Thorvald/install/loki_teleop/lib/python3.10/site-packages/loki_teleop-2.0.0-py3.10.egg-info
[1.391s] running install_scripts
[1.564s] Installing teleop_node script to /home/cairlab/Documents/GitHub/Isaac_Thorvald/install/loki_teleop/lib/loki_teleop
[1.564s] writing list of installed files to '/home/cairlab/Documents/GitHub/Isaac_Thorvald/build/loki_teleop/install.log'
[1.591s] Invoked command in '/home/cairlab/Documents/GitHub/Isaac_Thorvald/thorvald_nvidia/loki/loki_teleop' returned '0': PYTHONPATH=/home/cairlab/Documents/GitHub/Isaac_Thorvald/build/loki_teleop/prefix_override:/home/cairlab/Documents/GitHub/Isaac_Thorvald/install/loki_teleop/lib/python3.10/site-packages:${PYTHONPATH} /usr/bin/python3 setup.py egg_info --egg-base ../../../build/loki_teleop build --build-base /home/cairlab/Documents/GitHub/Isaac_Thorvald/build/loki_teleop/build install --record /home/cairlab/Documents/GitHub/Isaac_Thorvald/build/loki_teleop/install.log --single-version-externally-managed
