[0.123s] Invoking command in '/home/cairlab/Documents/GitHub/Isaac_Thorvald/build/loki_can_devices': AMENT_PREFIX_PATH=/home/cairlab/Documents/GitHub/Isaac_Thorvald/install/loki_msgs:/home/cairlab/Documents/GitHub/Isaac_Thorvald/install/loki_description:${AMENT_PREFIX_PATH} CMAKE_PREFIX_PATH=/home/cairlab/Documents/GitHub/Isaac_Thorvald/install/loki_msgs:/home/cairlab/Documents/GitHub/Isaac_Thorvald/install/loki_description:/opt/ros/humble LD_LIBRARY_PATH=/home/cairlab/Documents/GitHub/Isaac_Thorvald/install/loki_msgs/lib:${LD_LIBRARY_PATH} PYTHONPATH=/home/cairlab/Documents/GitHub/Isaac_Thorvald/install/loki_msgs/local/lib/python3.10/dist-packages:${PYTHONPATH} /usr/bin/cmake --build /home/cairlab/Documents/GitHub/Isaac_Thorvald/build/loki_can_devices -- -j12 -l12
[0.145s] -- Found ament_cmake: 1.3.5 (/opt/ros/humble/share/ament_cmake/cmake)
[0.299s] -- Found rclcpp: 16.0.6 (/opt/ros/humble/share/rclcpp/cmake)
[0.324s] -- Found rosidl_generator_c: 3.1.5 (/opt/ros/humble/share/rosidl_generator_c/cmake)
[0.327s] -- Found rosidl_adapter: 3.1.5 (/opt/ros/humble/share/rosidl_adapter/cmake)
[0.332s] -- Found rosidl_generator_cpp: 3.1.5 (/opt/ros/humble/share/rosidl_generator_cpp/cmake)
[0.342s] -- Using all available rosidl_typesupport_c: rosidl_typesupport_fastrtps_c;rosidl_typesupport_introspection_c
[0.356s] -- Using all available rosidl_typesupport_cpp: rosidl_typesupport_fastrtps_cpp;rosidl_typesupport_introspection_cpp
[0.406s] -- Found rmw_implementation_cmake: 6.1.1 (/opt/ros/humble/share/rmw_implementation_cmake/cmake)
[0.407s] -- Found rmw_fastrtps_cpp: 6.2.4 (/opt/ros/humble/share/rmw_fastrtps_cpp/cmake)
[0.509s] -- Using RMW implementation 'rmw_fastrtps_cpp' as default
[0.652s] -- Found std_srvs: 4.2.3 (/opt/ros/humble/share/std_srvs/cmake)
[0.666s] -- Found angles: 1.15.0 (/opt/ros/humble/share/angles/cmake)
[0.667s] -- Found geometry_msgs: 4.2.3 (/opt/ros/humble/share/geometry_msgs/cmake)
[0.704s] -- Found loki_msgs: 2.0.0 (/home/cairlab/Documents/GitHub/Isaac_Thorvald/install/loki_msgs/share/loki_msgs/cmake)
[0.958s] -- Configuring done
[0.972s] -- Generating done
[0.974s] -- Build files have been written to: /home/cairlab/Documents/GitHub/Isaac_Thorvald/build/loki_can_devices
[0.998s] [35m[1mConsolidate compiler generated dependencies of target can[0m
[1.041s] [  8%] [32mBuilding CXX object CMakeFiles/can.dir/src/can_line_dummy.cpp.o[0m
[1.129s] [ 16%] [32m[1mLinking CXX shared library libcan.so[0m
[1.327s] [ 83%] Built target can
[1.337s] [35m[1mConsolidate compiler generated dependencies of target pytocpp[0m
[1.367s] [ 91%] [32m[1mLinking CXX executable pytocpp[0m
[2.639s] [100%] Built target pytocpp
[2.649s] Invoked command in '/home/cairlab/Documents/GitHub/Isaac_Thorvald/build/loki_can_devices' returned '0': AMENT_PREFIX_PATH=/home/cairlab/Documents/GitHub/Isaac_Thorvald/install/loki_msgs:/home/cairlab/Documents/GitHub/Isaac_Thorvald/install/loki_description:${AMENT_PREFIX_PATH} CMAKE_PREFIX_PATH=/home/cairlab/Documents/GitHub/Isaac_Thorvald/install/loki_msgs:/home/cairlab/Documents/GitHub/Isaac_Thorvald/install/loki_description:/opt/ros/humble LD_LIBRARY_PATH=/home/cairlab/Documents/GitHub/Isaac_Thorvald/install/loki_msgs/lib:${LD_LIBRARY_PATH} PYTHONPATH=/home/cairlab/Documents/GitHub/Isaac_Thorvald/install/loki_msgs/local/lib/python3.10/dist-packages:${PYTHONPATH} /usr/bin/cmake --build /home/cairlab/Documents/GitHub/Isaac_Thorvald/build/loki_can_devices -- -j12 -l12
[2.687s] Invoking command in '/home/cairlab/Documents/GitHub/Isaac_Thorvald/build/loki_can_devices': AMENT_PREFIX_PATH=/home/cairlab/Documents/GitHub/Isaac_Thorvald/install/loki_msgs:/home/cairlab/Documents/GitHub/Isaac_Thorvald/install/loki_description:${AMENT_PREFIX_PATH} CMAKE_PREFIX_PATH=/home/cairlab/Documents/GitHub/Isaac_Thorvald/install/loki_msgs:/home/cairlab/Documents/GitHub/Isaac_Thorvald/install/loki_description:/opt/ros/humble LD_LIBRARY_PATH=/home/cairlab/Documents/GitHub/Isaac_Thorvald/install/loki_msgs/lib:${LD_LIBRARY_PATH} PYTHONPATH=/home/cairlab/Documents/GitHub/Isaac_Thorvald/install/loki_msgs/local/lib/python3.10/dist-packages:${PYTHONPATH} /usr/bin/cmake --install /home/cairlab/Documents/GitHub/Isaac_Thorvald/build/loki_can_devices
[2.693s] -- Install configuration: ""
[2.693s] -- Installing: /home/cairlab/Documents/GitHub/Isaac_Thorvald/install/loki_can_devices/include
[2.693s] -- Installing: /home/cairlab/Documents/GitHub/Isaac_Thorvald/install/loki_can_devices/include/loki_can_devices
[2.693s] -- Installing: /home/cairlab/Documents/GitHub/Isaac_Thorvald/install/loki_can_devices/include/loki_can_devices/CanDriveItf.h
[2.693s] -- Installing: /home/cairlab/Documents/GitHub/Isaac_Thorvald/install/loki_can_devices/include/loki_can_devices/can_io_v1pcb.h
[2.693s] -- Installing: /home/cairlab/Documents/GitHub/Isaac_Thorvald/install/loki_can_devices/include/loki_can_devices/kc_battery.h
[2.693s] -- Installing: /home/cairlab/Documents/GitHub/Isaac_Thorvald/install/loki_can_devices/include/loki_can_devices/RoboteqFbl2360.h
[2.694s] -- Installing: /home/cairlab/Documents/GitHub/Isaac_Thorvald/install/loki_can_devices/include/loki_can_devices/RoboteqFbl2360Diff.h
[2.694s] -- Installing: /home/cairlab/Documents/GitHub/Isaac_Thorvald/install/loki_can_devices/include/loki_can_devices/can_io_itf.h
[2.694s] -- Installing: /home/cairlab/Documents/GitHub/Isaac_Thorvald/install/loki_can_devices/include/loki_can_devices/can_ctrl_pltf.h
[2.694s] -- Installing: /home/cairlab/Documents/GitHub/Isaac_Thorvald/install/loki_can_devices/include/loki_can_devices/can_battery_itf.h
[2.694s] -- Installing: /home/cairlab/Documents/GitHub/Isaac_Thorvald/install/loki_can_devices/include/loki_can_devices/can_line_itf.h
[2.694s] -- Installing: /home/cairlab/Documents/GitHub/Isaac_Thorvald/install/loki_can_devices/include/loki_can_devices/can_line_dummy.h
[2.694s] -- Installing: /home/cairlab/Documents/GitHub/Isaac_Thorvald/install/loki_can_devices/include/loki_can_devices/can_line_socketcan.h
[2.694s] -- Installing: /home/cairlab/Documents/GitHub/Isaac_Thorvald/install/loki_can_devices/include/loki_can_devices/can_frame.h
[2.694s] -- Installing: /home/cairlab/Documents/GitHub/Isaac_Thorvald/install/loki_can_devices/include/loki_can_devices/can_io_v1uv.h
[2.694s] -- Installing: /home/cairlab/Documents/GitHub/Isaac_Thorvald/install/loki_can_devices/share/loki_can_devices/launch
[2.695s] -- Installing: /home/cairlab/Documents/GitHub/Isaac_Thorvald/install/loki_can_devices/share/loki_can_devices/launch/pytocpp.launch.py
[2.695s] -- Installing: /home/cairlab/Documents/GitHub/Isaac_Thorvald/install/loki_can_devices/lib/libcan.so
[2.696s] -- Set runtime path of "/home/cairlab/Documents/GitHub/Isaac_Thorvald/install/loki_can_devices/lib/libcan.so" to ""
[2.696s] -- Installing: /home/cairlab/Documents/GitHub/Isaac_Thorvald/install/loki_can_devices/lib/loki_can_devices/pytocpp
[2.707s] -- Set runtime path of "/home/cairlab/Documents/GitHub/Isaac_Thorvald/install/loki_can_devices/lib/loki_can_devices/pytocpp" to ""
[2.707s] -- Installing: /home/cairlab/Documents/GitHub/Isaac_Thorvald/install/loki_can_devices/share/loki_can_devices/environment/library_path.sh
[2.707s] -- Installing: /home/cairlab/Documents/GitHub/Isaac_Thorvald/install/loki_can_devices/share/loki_can_devices/environment/library_path.dsv
[2.707s] -- Installing: /home/cairlab/Documents/GitHub/Isaac_Thorvald/install/loki_can_devices/share/ament_index/resource_index/package_run_dependencies/loki_can_devices
[2.707s] -- Installing: /home/cairlab/Documents/GitHub/Isaac_Thorvald/install/loki_can_devices/share/ament_index/resource_index/parent_prefix_path/loki_can_devices
[2.708s] -- Installing: /home/cairlab/Documents/GitHub/Isaac_Thorvald/install/loki_can_devices/share/loki_can_devices/environment/ament_prefix_path.sh
[2.708s] -- Installing: /home/cairlab/Documents/GitHub/Isaac_Thorvald/install/loki_can_devices/share/loki_can_devices/environment/ament_prefix_path.dsv
[2.708s] -- Installing: /home/cairlab/Documents/GitHub/Isaac_Thorvald/install/loki_can_devices/share/loki_can_devices/environment/path.sh
[2.708s] -- Installing: /home/cairlab/Documents/GitHub/Isaac_Thorvald/install/loki_can_devices/share/loki_can_devices/environment/path.dsv
[2.708s] -- Installing: /home/cairlab/Documents/GitHub/Isaac_Thorvald/install/loki_can_devices/share/loki_can_devices/local_setup.bash
[2.708s] -- Installing: /home/cairlab/Documents/GitHub/Isaac_Thorvald/install/loki_can_devices/share/loki_can_devices/local_setup.sh
[2.708s] -- Installing: /home/cairlab/Documents/GitHub/Isaac_Thorvald/install/loki_can_devices/share/loki_can_devices/local_setup.zsh
[2.708s] -- Installing: /home/cairlab/Documents/GitHub/Isaac_Thorvald/install/loki_can_devices/share/loki_can_devices/local_setup.dsv
[2.708s] -- Installing: /home/cairlab/Documents/GitHub/Isaac_Thorvald/install/loki_can_devices/share/loki_can_devices/package.dsv
[2.708s] -- Installing: /home/cairlab/Documents/GitHub/Isaac_Thorvald/install/loki_can_devices/share/ament_index/resource_index/packages/loki_can_devices
[2.709s] -- Installing: /home/cairlab/Documents/GitHub/Isaac_Thorvald/install/loki_can_devices/share/loki_can_devices/cmake/ConfigExtras.cmake
[2.709s] -- Installing: /home/cairlab/Documents/GitHub/Isaac_Thorvald/install/loki_can_devices/share/loki_can_devices/cmake/ament_cmake_export_dependencies-extras.cmake
[2.709s] -- Installing: /home/cairlab/Documents/GitHub/Isaac_Thorvald/install/loki_can_devices/share/loki_can_devices/cmake/ament_cmake_export_include_directories-extras.cmake
[2.709s] -- Installing: /home/cairlab/Documents/GitHub/Isaac_Thorvald/install/loki_can_devices/share/loki_can_devices/cmake/ament_cmake_export_libraries-extras.cmake
[2.709s] -- Installing: /home/cairlab/Documents/GitHub/Isaac_Thorvald/install/loki_can_devices/share/loki_can_devices/cmake/loki_can_devicesConfig.cmake
[2.709s] -- Installing: /home/cairlab/Documents/GitHub/Isaac_Thorvald/install/loki_can_devices/share/loki_can_devices/cmake/loki_can_devicesConfig-version.cmake
[2.709s] -- Installing: /home/cairlab/Documents/GitHub/Isaac_Thorvald/install/loki_can_devices/share/loki_can_devices/package.xml
[2.711s] Invoked command in '/home/cairlab/Documents/GitHub/Isaac_Thorvald/build/loki_can_devices' returned '0': AMENT_PREFIX_PATH=/home/cairlab/Documents/GitHub/Isaac_Thorvald/install/loki_msgs:/home/cairlab/Documents/GitHub/Isaac_Thorvald/install/loki_description:${AMENT_PREFIX_PATH} CMAKE_PREFIX_PATH=/home/cairlab/Documents/GitHub/Isaac_Thorvald/install/loki_msgs:/home/cairlab/Documents/GitHub/Isaac_Thorvald/install/loki_description:/opt/ros/humble LD_LIBRARY_PATH=/home/cairlab/Documents/GitHub/Isaac_Thorvald/install/loki_msgs/lib:${LD_LIBRARY_PATH} PYTHONPATH=/home/cairlab/Documents/GitHub/Isaac_Thorvald/install/loki_msgs/local/lib/python3.10/dist-packages:${PYTHONPATH} /usr/bin/cmake --install /home/cairlab/Documents/GitHub/Isaac_Thorvald/build/loki_can_devices
