[0.356s] Invoking command in '/home/cairlab/Documents/GitHub/Isaac_Thorvald/build/loki_twist_mux': CMAKE_PREFIX_PATH=/opt/ros/humble /usr/bin/cmake --build /home/cairlab/Documents/GitHub/Isaac_Thorvald/build/loki_twist_mux -- -j12 -l12
[0.396s] Invoked command in '/home/cairlab/Documents/GitHub/Isaac_Thorvald/build/loki_twist_mux' returned '0': CMAKE_PREFIX_PATH=/opt/ros/humble /usr/bin/cmake --build /home/cairlab/Documents/GitHub/Isaac_Thorvald/build/loki_twist_mux -- -j12 -l12
[0.458s] Invoking command in '/home/cairlab/Documents/GitHub/Isaac_Thorvald/build/loki_twist_mux': CMAKE_PREFIX_PATH=/opt/ros/humble /usr/bin/cmake --install /home/cairlab/Documents/GitHub/Isaac_Thorvald/build/loki_twist_mux
[0.463s] -- Install configuration: ""
[0.463s] -- Up-to-date: /home/cairlab/Documents/GitHub/Isaac_Thorvald/install/loki_twist_mux/share/loki_twist_mux/launch
[0.464s] -- Up-to-date: /home/cairlab/Documents/GitHub/Isaac_Thorvald/install/loki_twist_mux/share/loki_twist_mux/launch/twist_mux.launch
[0.464s] -- Up-to-date: /home/cairlab/Documents/GitHub/Isaac_Thorvald/install/loki_twist_mux/share/loki_twist_mux/config
[0.464s] -- Up-to-date: /home/cairlab/Documents/GitHub/Isaac_Thorvald/install/loki_twist_mux/share/loki_twist_mux/config/twist_mux_locks.yaml
[0.464s] -- Up-to-date: /home/cairlab/Documents/GitHub/Isaac_Thorvald/install/loki_twist_mux/share/loki_twist_mux/config/twist_mux_topics.yaml
[0.464s] -- Up-to-date: /home/cairlab/Documents/GitHub/Isaac_Thorvald/install/loki_twist_mux/share/ament_index/resource_index/package_run_dependencies/loki_twist_mux
[0.464s] -- Up-to-date: /home/cairlab/Documents/GitHub/Isaac_Thorvald/install/loki_twist_mux/share/ament_index/resource_index/parent_prefix_path/loki_twist_mux
[0.464s] -- Up-to-date: /home/cairlab/Documents/GitHub/Isaac_Thorvald/install/loki_twist_mux/share/loki_twist_mux/environment/ament_prefix_path.sh
[0.464s] -- Up-to-date: /home/cairlab/Documents/GitHub/Isaac_Thorvald/install/loki_twist_mux/share/loki_twist_mux/environment/ament_prefix_path.dsv
[0.464s] -- Up-to-date: /home/cairlab/Documents/GitHub/Isaac_Thorvald/install/loki_twist_mux/share/loki_twist_mux/environment/path.sh
[0.465s] -- Up-to-date: /home/cairlab/Documents/GitHub/Isaac_Thorvald/install/loki_twist_mux/share/loki_twist_mux/environment/path.dsv
[0.465s] -- Up-to-date: /home/cairlab/Documents/GitHub/Isaac_Thorvald/install/loki_twist_mux/share/loki_twist_mux/local_setup.bash
[0.465s] -- Up-to-date: /home/cairlab/Documents/GitHub/Isaac_Thorvald/install/loki_twist_mux/share/loki_twist_mux/local_setup.sh
[0.465s] -- Up-to-date: /home/cairlab/Documents/GitHub/Isaac_Thorvald/install/loki_twist_mux/share/loki_twist_mux/local_setup.zsh
[0.465s] -- Up-to-date: /home/cairlab/Documents/GitHub/Isaac_Thorvald/install/loki_twist_mux/share/loki_twist_mux/local_setup.dsv
[0.465s] -- Installing: /home/cairlab/Documents/GitHub/Isaac_Thorvald/install/loki_twist_mux/share/loki_twist_mux/package.dsv
[0.466s] -- Up-to-date: /home/cairlab/Documents/GitHub/Isaac_Thorvald/install/loki_twist_mux/share/ament_index/resource_index/packages/loki_twist_mux
[0.466s] -- Up-to-date: /home/cairlab/Documents/GitHub/Isaac_Thorvald/install/loki_twist_mux/share/loki_twist_mux/cmake/loki_twist_muxConfig.cmake
[0.466s] -- Up-to-date: /home/cairlab/Documents/GitHub/Isaac_Thorvald/install/loki_twist_mux/share/loki_twist_mux/cmake/loki_twist_muxConfig-version.cmake
[0.466s] -- Up-to-date: /home/cairlab/Documents/GitHub/Isaac_Thorvald/install/loki_twist_mux/share/loki_twist_mux/package.xml
[0.470s] Invoked command in '/home/cairlab/Documents/GitHub/Isaac_Thorvald/build/loki_twist_mux' returned '0': CMAKE_PREFIX_PATH=/opt/ros/humble /usr/bin/cmake --install /home/cairlab/Documents/GitHub/Isaac_Thorvald/build/loki_twist_mux
