[0.932s] Invoking command in '/home/cairlab/Documents/GitHub/Isaac_Thorvald/thorvald_nvidia/loki/loki_teleop': PYTHONPATH=/home/cairlab/Documents/GitHub/Isaac_Thorvald/build/loki_teleop/prefix_override:/home/cairlab/Documents/GitHub/Isaac_Thorvald/install/loki_teleop/lib/python3.10/site-packages:${PYTHONPATH} /usr/bin/python3 setup.py egg_info --egg-base ../../../build/loki_teleop build --build-base /home/cairlab/Documents/GitHub/Isaac_Thorvald/build/loki_teleop/build install --record /home/cairlab/Documents/GitHub/Isaac_Thorvald/build/loki_teleop/install.log --single-version-externally-managed
[1.110s] running egg_info
[1.123s] writing ../../../build/loki_teleop/loki_teleop.egg-info/PKG-INFO
[1.123s] writing dependency_links to ../../../build/loki_teleop/loki_teleop.egg-info/dependency_links.txt
[1.124s] writing entry points to ../../../build/loki_teleop/loki_teleop.egg-info/entry_points.txt
[1.124s] writing requirements to ../../../build/loki_teleop/loki_teleop.egg-info/requires.txt
[1.124s] writing top-level names to ../../../build/loki_teleop/loki_teleop.egg-info/top_level.txt
[1.154s] reading manifest file '../../../build/loki_teleop/loki_teleop.egg-info/SOURCES.txt'
[1.155s] writing manifest file '../../../build/loki_teleop/loki_teleop.egg-info/SOURCES.txt'
[1.155s] running build
[1.155s] running build_py
[1.155s] running install
[1.156s] /home/cairlab/.local/lib/python3.10/site-packages/setuptools/_distutils/cmd.py:66: SetuptoolsDeprecationWarning: setup.py install is deprecated.
[1.156s] !!
[1.156s] 
[1.156s]         ********************************************************************************
[1.156s]         Please avoid running ``setup.py`` directly.
[1.156s]         Instead, use pypa/build, pypa/installer or other
[1.156s]         standards-based tools.
[1.156s] 
[1.156s]         See https://blog.ganssle.io/articles/2021/10/setup-py-deprecated.html for details.
[1.157s]         ********************************************************************************
[1.157s] 
[1.157s] !!
[1.157s]   self.initialize_options()
[1.160s] running install_lib
[1.174s] running install_data
[1.187s] running install_egg_info
[1.201s] removing '/home/cairlab/Documents/GitHub/Isaac_Thorvald/install/loki_teleop/lib/python3.10/site-packages/loki_teleop-2.0.0-py3.10.egg-info' (and everything under it)
[1.201s] Copying ../../../build/loki_teleop/loki_teleop.egg-info to /home/cairlab/Documents/GitHub/Isaac_Thorvald/install/loki_teleop/lib/python3.10/site-packages/loki_teleop-2.0.0-py3.10.egg-info
[1.201s] running install_scripts
[1.337s] Installing teleop_node script to /home/cairlab/Documents/GitHub/Isaac_Thorvald/install/loki_teleop/lib/loki_teleop
[1.337s] writing list of installed files to '/home/cairlab/Documents/GitHub/Isaac_Thorvald/build/loki_teleop/install.log'
[1.356s] Invoked command in '/home/cairlab/Documents/GitHub/Isaac_Thorvald/thorvald_nvidia/loki/loki_teleop' returned '0': PYTHONPATH=/home/cairlab/Documents/GitHub/Isaac_Thorvald/build/loki_teleop/prefix_override:/home/cairlab/Documents/GitHub/Isaac_Thorvald/install/loki_teleop/lib/python3.10/site-packages:${PYTHONPATH} /usr/bin/python3 setup.py egg_info --egg-base ../../../build/loki_teleop build --build-base /home/cairlab/Documents/GitHub/Isaac_Thorvald/build/loki_teleop/build install --record /home/cairlab/Documents/GitHub/Isaac_Thorvald/build/loki_teleop/install.log --single-version-externally-managed
