[0.053s] Invoking command in '/home/cairlab/Documents/GitHub/Isaac_Thorvald/build/loki_bringup': AMENT_PREFIX_PATH=/home/cairlab/Documents/GitHub/Isaac_Thorvald/install/robot_bringup:/home/cairlab/Documents/GitHub/Isaac_Thorvald/install/loki_base:/home/cairlab/Documents/GitHub/Isaac_Thorvald/install/loki_can_devices:/home/cairlab/Documents/GitHub/Isaac_Thorvald/install/loki_msgs:/home/cairlab/Documents/GitHub/Isaac_Thorvald/install/loki_twist_mux:/home/cairlab/Documents/GitHub/Isaac_Thorvald/install/loki_teleop:/home/cairlab/Documents/GitHub/Isaac_Thorvald/install/loki_description:${AMENT_PREFIX_PATH} CMAKE_PREFIX_PATH=/home/cairlab/Documents/GitHub/Isaac_Thorvald/install/robot_bringup:/home/cairlab/Documents/GitHub/Isaac_Thorvald/install/loki_can_devices:/home/cairlab/Documents/GitHub/Isaac_Thorvald/install/loki_msgs:/home/cairlab/Documents/GitHub/Isaac_Thorvald/install/loki_twist_mux:/home/cairlab/Documents/GitHub/Isaac_Thorvald/install/loki_description:/opt/ros/humble LD_LIBRARY_PATH=/home/cairlab/Documents/GitHub/Isaac_Thorvald/install/loki_can_devices/lib:/home/cairlab/Documents/GitHub/Isaac_Thorvald/install/loki_msgs/lib:${LD_LIBRARY_PATH} PYTHONPATH=/home/cairlab/Documents/GitHub/Isaac_Thorvald/install/loki_base/lib/python3.10/site-packages:/home/cairlab/Documents/GitHub/Isaac_Thorvald/install/loki_msgs/local/lib/python3.10/dist-packages:/home/cairlab/Documents/GitHub/Isaac_Thorvald/install/loki_teleop/lib/python3.10/site-packages:${PYTHONPATH} /usr/bin/cmake /home/cairlab/Documents/GitHub/Isaac_Thorvald/thorvald_nvidia/loki/loki_bringup -DCMAKE_INSTALL_PREFIX=/home/cairlab/Documents/GitHub/Isaac_Thorvald/install/loki_bringup
[0.101s] -- The C compiler identification is GNU 11.4.0
[0.146s] -- The CXX compiler identification is GNU 11.4.0
[0.153s] -- Detecting C compiler ABI info
[0.207s] -- Detecting C compiler ABI info - done
[0.213s] -- Check for working C compiler: /usr/bin/cc - skipped
[0.214s] -- Detecting C compile features
[0.214s] -- Detecting C compile features - done
[0.216s] -- Detecting CXX compiler ABI info
[0.283s] -- Detecting CXX compiler ABI info - done
[0.294s] -- Check for working CXX compiler: /usr/bin/c++ - skipped
[0.294s] -- Detecting CXX compile features
[0.295s] -- Detecting CXX compile features - done
[0.298s] -- Found ament_cmake: 1.3.5 (/opt/ros/humble/share/ament_cmake/cmake)
[0.591s] -- Found Python3: /usr/bin/python3.10 (found version "3.10.12") found components: Interpreter 
[0.669s] -- Found rclcpp: 16.0.6 (/opt/ros/humble/share/rclcpp/cmake)
[0.709s] -- Found rosidl_generator_c: 3.1.5 (/opt/ros/humble/share/rosidl_generator_c/cmake)
[0.714s] -- Found rosidl_adapter: 3.1.5 (/opt/ros/humble/share/rosidl_adapter/cmake)
[0.722s] -- Found rosidl_generator_cpp: 3.1.5 (/opt/ros/humble/share/rosidl_generator_cpp/cmake)
[0.735s] -- Using all available rosidl_typesupport_c: rosidl_typesupport_fastrtps_c;rosidl_typesupport_introspection_c
[0.753s] -- Using all available rosidl_typesupport_cpp: rosidl_typesupport_fastrtps_cpp;rosidl_typesupport_introspection_cpp
[0.819s] -- Found rmw_implementation_cmake: 6.1.1 (/opt/ros/humble/share/rmw_implementation_cmake/cmake)
[0.822s] -- Found rmw_fastrtps_cpp: 6.2.4 (/opt/ros/humble/share/rmw_fastrtps_cpp/cmake)
[0.908s] -- Found OpenSSL: /usr/lib/x86_64-linux-gnu/libcrypto.so (found version "3.0.2")  
[0.932s] -- Found FastRTPS: /opt/ros/humble/include  
[0.975s] -- Using RMW implementation 'rmw_fastrtps_cpp' as default
[0.985s] -- Looking for pthread.h
[1.042s] -- Looking for pthread.h - found
[1.043s] -- Performing Test CMAKE_HAVE_LIBC_PTHREAD
[1.103s] -- Performing Test CMAKE_HAVE_LIBC_PTHREAD - Success
[1.103s] -- Found Threads: TRUE  
[1.248s] -- Found rclpy: 3.3.10 (/opt/ros/humble/share/rclpy/cmake)
[1.249s] -- Found loki_description: 2.0.0 (/home/cairlab/Documents/GitHub/Isaac_Thorvald/install/loki_description/share/loki_description/cmake)
[1.249s] -- Found loki_twist_mux: 2.0.0 (/home/cairlab/Documents/GitHub/Isaac_Thorvald/install/loki_twist_mux/share/loki_twist_mux/cmake)
[1.303s] -- Configuring done
[1.307s] -- Generating done
[1.308s] -- Build files have been written to: /home/cairlab/Documents/GitHub/Isaac_Thorvald/build/loki_bringup
[1.316s] Invoked command in '/home/cairlab/Documents/GitHub/Isaac_Thorvald/build/loki_bringup' returned '0': AMENT_PREFIX_PATH=/home/cairlab/Documents/GitHub/Isaac_Thorvald/install/robot_bringup:/home/cairlab/Documents/GitHub/Isaac_Thorvald/install/loki_base:/home/cairlab/Documents/GitHub/Isaac_Thorvald/install/loki_can_devices:/home/cairlab/Documents/GitHub/Isaac_Thorvald/install/loki_msgs:/home/cairlab/Documents/GitHub/Isaac_Thorvald/install/loki_twist_mux:/home/cairlab/Documents/GitHub/Isaac_Thorvald/install/loki_teleop:/home/cairlab/Documents/GitHub/Isaac_Thorvald/install/loki_description:${AMENT_PREFIX_PATH} CMAKE_PREFIX_PATH=/home/cairlab/Documents/GitHub/Isaac_Thorvald/install/robot_bringup:/home/cairlab/Documents/GitHub/Isaac_Thorvald/install/loki_can_devices:/home/cairlab/Documents/GitHub/Isaac_Thorvald/install/loki_msgs:/home/cairlab/Documents/GitHub/Isaac_Thorvald/install/loki_twist_mux:/home/cairlab/Documents/GitHub/Isaac_Thorvald/install/loki_description:/opt/ros/humble LD_LIBRARY_PATH=/home/cairlab/Documents/GitHub/Isaac_Thorvald/install/loki_can_devices/lib:/home/cairlab/Documents/GitHub/Isaac_Thorvald/install/loki_msgs/lib:${LD_LIBRARY_PATH} PYTHONPATH=/home/cairlab/Documents/GitHub/Isaac_Thorvald/install/loki_base/lib/python3.10/site-packages:/home/cairlab/Documents/GitHub/Isaac_Thorvald/install/loki_msgs/local/lib/python3.10/dist-packages:/home/cairlab/Documents/GitHub/Isaac_Thorvald/install/loki_teleop/lib/python3.10/site-packages:${PYTHONPATH} /usr/bin/cmake /home/cairlab/Documents/GitHub/Isaac_Thorvald/thorvald_nvidia/loki/loki_bringup -DCMAKE_INSTALL_PREFIX=/home/cairlab/Documents/GitHub/Isaac_Thorvald/install/loki_bringup
[1.317s] Invoking command in '/home/cairlab/Documents/GitHub/Isaac_Thorvald/build/loki_bringup': AMENT_PREFIX_PATH=/home/cairlab/Documents/GitHub/Isaac_Thorvald/install/robot_bringup:/home/cairlab/Documents/GitHub/Isaac_Thorvald/install/loki_base:/home/cairlab/Documents/GitHub/Isaac_Thorvald/install/loki_can_devices:/home/cairlab/Documents/GitHub/Isaac_Thorvald/install/loki_msgs:/home/cairlab/Documents/GitHub/Isaac_Thorvald/install/loki_twist_mux:/home/cairlab/Documents/GitHub/Isaac_Thorvald/install/loki_teleop:/home/cairlab/Documents/GitHub/Isaac_Thorvald/install/loki_description:${AMENT_PREFIX_PATH} CMAKE_PREFIX_PATH=/home/cairlab/Documents/GitHub/Isaac_Thorvald/install/robot_bringup:/home/cairlab/Documents/GitHub/Isaac_Thorvald/install/loki_can_devices:/home/cairlab/Documents/GitHub/Isaac_Thorvald/install/loki_msgs:/home/cairlab/Documents/GitHub/Isaac_Thorvald/install/loki_twist_mux:/home/cairlab/Documents/GitHub/Isaac_Thorvald/install/loki_description:/opt/ros/humble LD_LIBRARY_PATH=/home/cairlab/Documents/GitHub/Isaac_Thorvald/install/loki_can_devices/lib:/home/cairlab/Documents/GitHub/Isaac_Thorvald/install/loki_msgs/lib:${LD_LIBRARY_PATH} PYTHONPATH=/home/cairlab/Documents/GitHub/Isaac_Thorvald/install/loki_base/lib/python3.10/site-packages:/home/cairlab/Documents/GitHub/Isaac_Thorvald/install/loki_msgs/local/lib/python3.10/dist-packages:/home/cairlab/Documents/GitHub/Isaac_Thorvald/install/loki_teleop/lib/python3.10/site-packages:${PYTHONPATH} /usr/bin/cmake --build /home/cairlab/Documents/GitHub/Isaac_Thorvald/build/loki_bringup -- -j12 -l12
[1.349s] Invoked command in '/home/cairlab/Documents/GitHub/Isaac_Thorvald/build/loki_bringup' returned '0': AMENT_PREFIX_PATH=/home/cairlab/Documents/GitHub/Isaac_Thorvald/install/robot_bringup:/home/cairlab/Documents/GitHub/Isaac_Thorvald/install/loki_base:/home/cairlab/Documents/GitHub/Isaac_Thorvald/install/loki_can_devices:/home/cairlab/Documents/GitHub/Isaac_Thorvald/install/loki_msgs:/home/cairlab/Documents/GitHub/Isaac_Thorvald/install/loki_twist_mux:/home/cairlab/Documents/GitHub/Isaac_Thorvald/install/loki_teleop:/home/cairlab/Documents/GitHub/Isaac_Thorvald/install/loki_description:${AMENT_PREFIX_PATH} CMAKE_PREFIX_PATH=/home/cairlab/Documents/GitHub/Isaac_Thorvald/install/robot_bringup:/home/cairlab/Documents/GitHub/Isaac_Thorvald/install/loki_can_devices:/home/cairlab/Documents/GitHub/Isaac_Thorvald/install/loki_msgs:/home/cairlab/Documents/GitHub/Isaac_Thorvald/install/loki_twist_mux:/home/cairlab/Documents/GitHub/Isaac_Thorvald/install/loki_description:/opt/ros/humble LD_LIBRARY_PATH=/home/cairlab/Documents/GitHub/Isaac_Thorvald/install/loki_can_devices/lib:/home/cairlab/Documents/GitHub/Isaac_Thorvald/install/loki_msgs/lib:${LD_LIBRARY_PATH} PYTHONPATH=/home/cairlab/Documents/GitHub/Isaac_Thorvald/install/loki_base/lib/python3.10/site-packages:/home/cairlab/Documents/GitHub/Isaac_Thorvald/install/loki_msgs/local/lib/python3.10/dist-packages:/home/cairlab/Documents/GitHub/Isaac_Thorvald/install/loki_teleop/lib/python3.10/site-packages:${PYTHONPATH} /usr/bin/cmake --build /home/cairlab/Documents/GitHub/Isaac_Thorvald/build/loki_bringup -- -j12 -l12
[1.367s] Invoking command in '/home/cairlab/Documents/GitHub/Isaac_Thorvald/build/loki_bringup': AMENT_PREFIX_PATH=/home/cairlab/Documents/GitHub/Isaac_Thorvald/install/robot_bringup:/home/cairlab/Documents/GitHub/Isaac_Thorvald/install/loki_base:/home/cairlab/Documents/GitHub/Isaac_Thorvald/install/loki_can_devices:/home/cairlab/Documents/GitHub/Isaac_Thorvald/install/loki_msgs:/home/cairlab/Documents/GitHub/Isaac_Thorvald/install/loki_twist_mux:/home/cairlab/Documents/GitHub/Isaac_Thorvald/install/loki_teleop:/home/cairlab/Documents/GitHub/Isaac_Thorvald/install/loki_description:${AMENT_PREFIX_PATH} CMAKE_PREFIX_PATH=/home/cairlab/Documents/GitHub/Isaac_Thorvald/install/robot_bringup:/home/cairlab/Documents/GitHub/Isaac_Thorvald/install/loki_can_devices:/home/cairlab/Documents/GitHub/Isaac_Thorvald/install/loki_msgs:/home/cairlab/Documents/GitHub/Isaac_Thorvald/install/loki_twist_mux:/home/cairlab/Documents/GitHub/Isaac_Thorvald/install/loki_description:/opt/ros/humble LD_LIBRARY_PATH=/home/cairlab/Documents/GitHub/Isaac_Thorvald/install/loki_can_devices/lib:/home/cairlab/Documents/GitHub/Isaac_Thorvald/install/loki_msgs/lib:${LD_LIBRARY_PATH} PYTHONPATH=/home/cairlab/Documents/GitHub/Isaac_Thorvald/install/loki_base/lib/python3.10/site-packages:/home/cairlab/Documents/GitHub/Isaac_Thorvald/install/loki_msgs/local/lib/python3.10/dist-packages:/home/cairlab/Documents/GitHub/Isaac_Thorvald/install/loki_teleop/lib/python3.10/site-packages:${PYTHONPATH} /usr/bin/cmake --install /home/cairlab/Documents/GitHub/Isaac_Thorvald/build/loki_bringup
[1.374s] -- Install configuration: ""
[1.374s] -- Installing: /home/cairlab/Documents/GitHub/Isaac_Thorvald/install/loki_bringup/share/loki_bringup/launch
[1.374s] -- Installing: /home/cairlab/Documents/GitHub/Isaac_Thorvald/install/loki_bringup/share/loki_bringup/launch/loki_example.launch
[1.374s] -- Installing: /home/cairlab/Documents/GitHub/Isaac_Thorvald/install/loki_bringup/share/loki_bringup/launch/loki_bringup.launch
[1.374s] -- Installing: /home/cairlab/Documents/GitHub/Isaac_Thorvald/install/loki_bringup/share/loki_bringup/launch/loki_bringup_namespace.launch
[1.375s] -- Installing: /home/cairlab/Documents/GitHub/Isaac_Thorvald/install/loki_bringup/share/ament_index/resource_index/package_run_dependencies/loki_bringup
[1.375s] -- Installing: /home/cairlab/Documents/GitHub/Isaac_Thorvald/install/loki_bringup/share/ament_index/resource_index/parent_prefix_path/loki_bringup
[1.375s] -- Installing: /home/cairlab/Documents/GitHub/Isaac_Thorvald/install/loki_bringup/share/loki_bringup/environment/ament_prefix_path.sh
[1.375s] -- Installing: /home/cairlab/Documents/GitHub/Isaac_Thorvald/install/loki_bringup/share/loki_bringup/environment/ament_prefix_path.dsv
[1.375s] -- Installing: /home/cairlab/Documents/GitHub/Isaac_Thorvald/install/loki_bringup/share/loki_bringup/environment/path.sh
[1.375s] -- Installing: /home/cairlab/Documents/GitHub/Isaac_Thorvald/install/loki_bringup/share/loki_bringup/environment/path.dsv
[1.376s] -- Installing: /home/cairlab/Documents/GitHub/Isaac_Thorvald/install/loki_bringup/share/loki_bringup/local_setup.bash
[1.376s] -- Installing: /home/cairlab/Documents/GitHub/Isaac_Thorvald/install/loki_bringup/share/loki_bringup/local_setup.sh
[1.376s] -- Installing: /home/cairlab/Documents/GitHub/Isaac_Thorvald/install/loki_bringup/share/loki_bringup/local_setup.zsh
[1.376s] -- Installing: /home/cairlab/Documents/GitHub/Isaac_Thorvald/install/loki_bringup/share/loki_bringup/local_setup.dsv
[1.376s] -- Installing: /home/cairlab/Documents/GitHub/Isaac_Thorvald/install/loki_bringup/share/loki_bringup/package.dsv
[1.376s] -- Installing: /home/cairlab/Documents/GitHub/Isaac_Thorvald/install/loki_bringup/share/ament_index/resource_index/packages/loki_bringup
[1.377s] -- Installing: /home/cairlab/Documents/GitHub/Isaac_Thorvald/install/loki_bringup/share/loki_bringup/cmake/ament_cmake_export_include_directories-extras.cmake
[1.377s] -- Installing: /home/cairlab/Documents/GitHub/Isaac_Thorvald/install/loki_bringup/share/loki_bringup/cmake/loki_bringupConfig.cmake
[1.377s] -- Installing: /home/cairlab/Documents/GitHub/Isaac_Thorvald/install/loki_bringup/share/loki_bringup/cmake/loki_bringupConfig-version.cmake
[1.377s] -- Installing: /home/cairlab/Documents/GitHub/Isaac_Thorvald/install/loki_bringup/share/loki_bringup/package.xml
[1.379s] Invoked command in '/home/cairlab/Documents/GitHub/Isaac_Thorvald/build/loki_bringup' returned '0': AMENT_PREFIX_PATH=/home/cairlab/Documents/GitHub/Isaac_Thorvald/install/robot_bringup:/home/cairlab/Documents/GitHub/Isaac_Thorvald/install/loki_base:/home/cairlab/Documents/GitHub/Isaac_Thorvald/install/loki_can_devices:/home/cairlab/Documents/GitHub/Isaac_Thorvald/install/loki_msgs:/home/cairlab/Documents/GitHub/Isaac_Thorvald/install/loki_twist_mux:/home/cairlab/Documents/GitHub/Isaac_Thorvald/install/loki_teleop:/home/cairlab/Documents/GitHub/Isaac_Thorvald/install/loki_description:${AMENT_PREFIX_PATH} CMAKE_PREFIX_PATH=/home/cairlab/Documents/GitHub/Isaac_Thorvald/install/robot_bringup:/home/cairlab/Documents/GitHub/Isaac_Thorvald/install/loki_can_devices:/home/cairlab/Documents/GitHub/Isaac_Thorvald/install/loki_msgs:/home/cairlab/Documents/GitHub/Isaac_Thorvald/install/loki_twist_mux:/home/cairlab/Documents/GitHub/Isaac_Thorvald/install/loki_description:/opt/ros/humble LD_LIBRARY_PATH=/home/cairlab/Documents/GitHub/Isaac_Thorvald/install/loki_can_devices/lib:/home/cairlab/Documents/GitHub/Isaac_Thorvald/install/loki_msgs/lib:${LD_LIBRARY_PATH} PYTHONPATH=/home/cairlab/Documents/GitHub/Isaac_Thorvald/install/loki_base/lib/python3.10/site-packages:/home/cairlab/Documents/GitHub/Isaac_Thorvald/install/loki_msgs/local/lib/python3.10/dist-packages:/home/cairlab/Documents/GitHub/Isaac_Thorvald/install/loki_teleop/lib/python3.10/site-packages:${PYTHONPATH} /usr/bin/cmake --install /home/cairlab/Documents/GitHub/Isaac_Thorvald/build/loki_bringup
