[0.838s] DEBUG:colcon:Command line arguments: ['/usr/bin/colcon', 'build']
[0.838s] DEBUG:colcon:Parsed command line arguments: Namespace(log_base=None, log_level=None, verb_name='build', build_base='build', install_base='install', merge_install=False, symlink_install=False, test_result_base=None, continue_on_error=False, executor='parallel', parallel_workers=12, event_handlers=None, ignore_user_meta=False, metas=['./colcon.meta'], base_paths=['.'], packages_ignore=None, packages_ignore_regex=None, paths=None, packages_up_to=None, packages_up_to_regex=None, packages_above=None, packages_above_and_dependencies=None, packages_above_depth=None, packages_select_by_dep=None, packages_skip_by_dep=None, packages_skip_up_to=None, packages_select_build_failed=False, packages_skip_build_finished=False, packages_select_test_failures=False, packages_skip_test_passed=False, packages_select=None, packages_skip=None, packages_select_regex=None, packages_skip_regex=None, packages_start=None, packages_end=None, allow_overriding=[], cmake_args=None, cmake_target=None, cmake_target_skip_unavailable=False, cmake_clean_cache=False, cmake_clean_first=False, cmake_force_configure=False, ament_cmake_args=None, catkin_cmake_args=None, catkin_skip_building_tests=False, verb_parser=<colcon_defaults.argument_parser.defaults.DefaultArgumentsDecorator object at 0x7f3e5d81b9d0>, verb_extension=<colcon_core.verb.build.BuildVerb object at 0x7f3e5d81b460>, main=<bound method BuildVerb.main of <colcon_core.verb.build.BuildVerb object at 0x7f3e5d81b460>>)
[0.884s] Level 1:colcon.colcon_core.package_discovery:discover_packages(colcon_meta) check parameters
[0.884s] Level 1:colcon.colcon_core.package_discovery:discover_packages(recursive) check parameters
[0.884s] Level 1:colcon.colcon_core.package_discovery:discover_packages(ignore) check parameters
[0.884s] Level 1:colcon.colcon_core.package_discovery:discover_packages(path) check parameters
[0.884s] Level 1:colcon.colcon_core.package_discovery:discover_packages(colcon_meta) discover
[0.884s] Level 1:colcon.colcon_core.package_discovery:discover_packages(recursive) discover
[0.884s] INFO:colcon.colcon_core.package_discovery:Crawling recursively for packages in '/home/cairlab/Documents/GitHub/Isaac_Thorvald'
[0.884s] Level 1:colcon.colcon_core.package_identification:_identify(.) by extensions ['ignore', 'ignore_ament_install']
[0.885s] Level 1:colcon.colcon_core.package_identification:_identify(.) by extension 'ignore'
[0.885s] Level 1:colcon.colcon_core.package_identification:_identify(.) by extension 'ignore_ament_install'
[0.885s] Level 1:colcon.colcon_core.package_identification:_identify(.) by extensions ['colcon_pkg']
[0.885s] Level 1:colcon.colcon_core.package_identification:_identify(.) by extension 'colcon_pkg'
[0.885s] Level 1:colcon.colcon_core.package_identification:_identify(.) by extensions ['colcon_meta']
[0.885s] Level 1:colcon.colcon_core.package_identification:_identify(.) by extension 'colcon_meta'
[0.885s] Level 1:colcon.colcon_core.package_identification:_identify(.) by extensions ['ros']
[0.885s] Level 1:colcon.colcon_core.package_identification:_identify(.) by extension 'ros'
[0.895s] Level 1:colcon.colcon_core.package_identification:_identify(.) by extensions ['cmake', 'python']
[0.895s] Level 1:colcon.colcon_core.package_identification:_identify(.) by extension 'cmake'
[0.895s] Level 1:colcon.colcon_core.package_identification:_identify(.) by extension 'python'
[0.896s] Level 1:colcon.colcon_core.package_identification:_identify(.) by extensions ['python_setup_py']
[0.896s] Level 1:colcon.colcon_core.package_identification:_identify(.) by extension 'python_setup_py'
[0.896s] Level 1:colcon.colcon_core.package_identification:_identify(build) by extensions ['ignore', 'ignore_ament_install']
[0.896s] Level 1:colcon.colcon_core.package_identification:_identify(build) by extension 'ignore'
[0.896s] Level 1:colcon.colcon_core.package_identification:_identify(build) ignored
[0.896s] Level 1:colcon.colcon_core.package_identification:_identify(install) by extensions ['ignore', 'ignore_ament_install']
[0.896s] Level 1:colcon.colcon_core.package_identification:_identify(install) by extension 'ignore'
[0.896s] Level 1:colcon.colcon_core.package_identification:_identify(install) ignored
[0.896s] Level 1:colcon.colcon_core.package_identification:_identify(log) by extensions ['ignore', 'ignore_ament_install']
[0.897s] Level 1:colcon.colcon_core.package_identification:_identify(log) by extension 'ignore'
[0.897s] Level 1:colcon.colcon_core.package_identification:_identify(log) ignored
[0.897s] Level 1:colcon.colcon_core.package_identification:_identify(thorvald_nvidia) by extensions ['ignore', 'ignore_ament_install']
[0.897s] Level 1:colcon.colcon_core.package_identification:_identify(thorvald_nvidia) by extension 'ignore'
[0.897s] Level 1:colcon.colcon_core.package_identification:_identify(thorvald_nvidia) by extension 'ignore_ament_install'
[0.897s] Level 1:colcon.colcon_core.package_identification:_identify(thorvald_nvidia) by extensions ['colcon_pkg']
[0.897s] Level 1:colcon.colcon_core.package_identification:_identify(thorvald_nvidia) by extension 'colcon_pkg'
[0.897s] Level 1:colcon.colcon_core.package_identification:_identify(thorvald_nvidia) by extensions ['colcon_meta']
[0.897s] Level 1:colcon.colcon_core.package_identification:_identify(thorvald_nvidia) by extension 'colcon_meta'
[0.897s] Level 1:colcon.colcon_core.package_identification:_identify(thorvald_nvidia) by extensions ['ros']
[0.897s] Level 1:colcon.colcon_core.package_identification:_identify(thorvald_nvidia) by extension 'ros'
[0.897s] Level 1:colcon.colcon_core.package_identification:_identify(thorvald_nvidia) by extensions ['cmake', 'python']
[0.897s] Level 1:colcon.colcon_core.package_identification:_identify(thorvald_nvidia) by extension 'cmake'
[0.897s] Level 1:colcon.colcon_core.package_identification:_identify(thorvald_nvidia) by extension 'python'
[0.898s] Level 1:colcon.colcon_core.package_identification:_identify(thorvald_nvidia) by extensions ['python_setup_py']
[0.898s] Level 1:colcon.colcon_core.package_identification:_identify(thorvald_nvidia) by extension 'python_setup_py'
[0.898s] Level 1:colcon.colcon_core.package_identification:_identify(thorvald_nvidia/loki) by extensions ['ignore', 'ignore_ament_install']
[0.898s] Level 1:colcon.colcon_core.package_identification:_identify(thorvald_nvidia/loki) by extension 'ignore'
[0.898s] Level 1:colcon.colcon_core.package_identification:_identify(thorvald_nvidia/loki) by extension 'ignore_ament_install'
[0.898s] Level 1:colcon.colcon_core.package_identification:_identify(thorvald_nvidia/loki) by extensions ['colcon_pkg']
[0.898s] Level 1:colcon.colcon_core.package_identification:_identify(thorvald_nvidia/loki) by extension 'colcon_pkg'
[0.898s] Level 1:colcon.colcon_core.package_identification:_identify(thorvald_nvidia/loki) by extensions ['colcon_meta']
[0.898s] Level 1:colcon.colcon_core.package_identification:_identify(thorvald_nvidia/loki) by extension 'colcon_meta'
[0.898s] Level 1:colcon.colcon_core.package_identification:_identify(thorvald_nvidia/loki) by extensions ['ros']
[0.898s] Level 1:colcon.colcon_core.package_identification:_identify(thorvald_nvidia/loki) by extension 'ros'
[0.898s] Level 1:colcon.colcon_core.package_identification:_identify(thorvald_nvidia/loki) by extensions ['cmake', 'python']
[0.898s] Level 1:colcon.colcon_core.package_identification:_identify(thorvald_nvidia/loki) by extension 'cmake'
[0.898s] Level 1:colcon.colcon_core.package_identification:_identify(thorvald_nvidia/loki) by extension 'python'
[0.898s] Level 1:colcon.colcon_core.package_identification:_identify(thorvald_nvidia/loki) by extensions ['python_setup_py']
[0.898s] Level 1:colcon.colcon_core.package_identification:_identify(thorvald_nvidia/loki) by extension 'python_setup_py'
[0.899s] Level 1:colcon.colcon_core.package_identification:_identify(thorvald_nvidia/loki/loki_base) by extensions ['ignore', 'ignore_ament_install']
[0.899s] Level 1:colcon.colcon_core.package_identification:_identify(thorvald_nvidia/loki/loki_base) by extension 'ignore'
[0.899s] Level 1:colcon.colcon_core.package_identification:_identify(thorvald_nvidia/loki/loki_base) by extension 'ignore_ament_install'
[0.899s] Level 1:colcon.colcon_core.package_identification:_identify(thorvald_nvidia/loki/loki_base) by extensions ['colcon_pkg']
[0.899s] Level 1:colcon.colcon_core.package_identification:_identify(thorvald_nvidia/loki/loki_base) by extension 'colcon_pkg'
[0.899s] Level 1:colcon.colcon_core.package_identification:_identify(thorvald_nvidia/loki/loki_base) by extensions ['colcon_meta']
[0.899s] Level 1:colcon.colcon_core.package_identification:_identify(thorvald_nvidia/loki/loki_base) by extension 'colcon_meta'
[0.899s] Level 1:colcon.colcon_core.package_identification:_identify(thorvald_nvidia/loki/loki_base) by extensions ['ros']
[0.899s] Level 1:colcon.colcon_core.package_identification:_identify(thorvald_nvidia/loki/loki_base) by extension 'ros'
[0.905s] DEBUG:colcon.colcon_core.package_identification:Package 'thorvald_nvidia/loki/loki_base' with type 'ros.ament_python' and name 'loki_base'
[0.905s] Level 1:colcon.colcon_core.package_identification:_identify(thorvald_nvidia/loki/loki_bringup) by extensions ['ignore', 'ignore_ament_install']
[0.905s] Level 1:colcon.colcon_core.package_identification:_identify(thorvald_nvidia/loki/loki_bringup) by extension 'ignore'
[0.905s] Level 1:colcon.colcon_core.package_identification:_identify(thorvald_nvidia/loki/loki_bringup) by extension 'ignore_ament_install'
[0.905s] Level 1:colcon.colcon_core.package_identification:_identify(thorvald_nvidia/loki/loki_bringup) by extensions ['colcon_pkg']
[0.905s] Level 1:colcon.colcon_core.package_identification:_identify(thorvald_nvidia/loki/loki_bringup) by extension 'colcon_pkg'
[0.905s] Level 1:colcon.colcon_core.package_identification:_identify(thorvald_nvidia/loki/loki_bringup) by extensions ['colcon_meta']
[0.905s] Level 1:colcon.colcon_core.package_identification:_identify(thorvald_nvidia/loki/loki_bringup) by extension 'colcon_meta'
[0.906s] Level 1:colcon.colcon_core.package_identification:_identify(thorvald_nvidia/loki/loki_bringup) by extensions ['ros']
[0.906s] Level 1:colcon.colcon_core.package_identification:_identify(thorvald_nvidia/loki/loki_bringup) by extension 'ros'
[0.906s] DEBUG:colcon.colcon_core.package_identification:Package 'thorvald_nvidia/loki/loki_bringup' with type 'ros.ament_cmake' and name 'loki_bringup'
[0.906s] Level 1:colcon.colcon_core.package_identification:_identify(thorvald_nvidia/loki/loki_can_devices) by extensions ['ignore', 'ignore_ament_install']
[0.907s] Level 1:colcon.colcon_core.package_identification:_identify(thorvald_nvidia/loki/loki_can_devices) by extension 'ignore'
[0.907s] Level 1:colcon.colcon_core.package_identification:_identify(thorvald_nvidia/loki/loki_can_devices) by extension 'ignore_ament_install'
[0.907s] Level 1:colcon.colcon_core.package_identification:_identify(thorvald_nvidia/loki/loki_can_devices) by extensions ['colcon_pkg']
[0.907s] Level 1:colcon.colcon_core.package_identification:_identify(thorvald_nvidia/loki/loki_can_devices) by extension 'colcon_pkg'
[0.907s] Level 1:colcon.colcon_core.package_identification:_identify(thorvald_nvidia/loki/loki_can_devices) by extensions ['colcon_meta']
[0.907s] Level 1:colcon.colcon_core.package_identification:_identify(thorvald_nvidia/loki/loki_can_devices) by extension 'colcon_meta'
[0.907s] Level 1:colcon.colcon_core.package_identification:_identify(thorvald_nvidia/loki/loki_can_devices) by extensions ['ros']
[0.907s] Level 1:colcon.colcon_core.package_identification:_identify(thorvald_nvidia/loki/loki_can_devices) by extension 'ros'
[0.908s] DEBUG:colcon.colcon_core.package_identification:Package 'thorvald_nvidia/loki/loki_can_devices' with type 'ros.ament_cmake' and name 'loki_can_devices'
[0.908s] Level 1:colcon.colcon_core.package_identification:_identify(thorvald_nvidia/loki/loki_description) by extensions ['ignore', 'ignore_ament_install']
[0.908s] Level 1:colcon.colcon_core.package_identification:_identify(thorvald_nvidia/loki/loki_description) by extension 'ignore'
[0.908s] Level 1:colcon.colcon_core.package_identification:_identify(thorvald_nvidia/loki/loki_description) by extension 'ignore_ament_install'
[0.908s] Level 1:colcon.colcon_core.package_identification:_identify(thorvald_nvidia/loki/loki_description) by extensions ['colcon_pkg']
[0.908s] Level 1:colcon.colcon_core.package_identification:_identify(thorvald_nvidia/loki/loki_description) by extension 'colcon_pkg'
[0.908s] Level 1:colcon.colcon_core.package_identification:_identify(thorvald_nvidia/loki/loki_description) by extensions ['colcon_meta']
[0.908s] Level 1:colcon.colcon_core.package_identification:_identify(thorvald_nvidia/loki/loki_description) by extension 'colcon_meta'
[0.908s] Level 1:colcon.colcon_core.package_identification:_identify(thorvald_nvidia/loki/loki_description) by extensions ['ros']
[0.908s] Level 1:colcon.colcon_core.package_identification:_identify(thorvald_nvidia/loki/loki_description) by extension 'ros'
[0.910s] DEBUG:colcon.colcon_core.package_identification:Package 'thorvald_nvidia/loki/loki_description' with type 'ros.ament_cmake' and name 'loki_description'
[0.910s] Level 1:colcon.colcon_core.package_identification:_identify(thorvald_nvidia/loki/loki_msgs) by extensions ['ignore', 'ignore_ament_install']
[0.910s] Level 1:colcon.colcon_core.package_identification:_identify(thorvald_nvidia/loki/loki_msgs) by extension 'ignore'
[0.910s] Level 1:colcon.colcon_core.package_identification:_identify(thorvald_nvidia/loki/loki_msgs) by extension 'ignore_ament_install'
[0.910s] Level 1:colcon.colcon_core.package_identification:_identify(thorvald_nvidia/loki/loki_msgs) by extensions ['colcon_pkg']
[0.910s] Level 1:colcon.colcon_core.package_identification:_identify(thorvald_nvidia/loki/loki_msgs) by extension 'colcon_pkg'
[0.910s] Level 1:colcon.colcon_core.package_identification:_identify(thorvald_nvidia/loki/loki_msgs) by extensions ['colcon_meta']
[0.910s] Level 1:colcon.colcon_core.package_identification:_identify(thorvald_nvidia/loki/loki_msgs) by extension 'colcon_meta'
[0.910s] Level 1:colcon.colcon_core.package_identification:_identify(thorvald_nvidia/loki/loki_msgs) by extensions ['ros']
[0.910s] Level 1:colcon.colcon_core.package_identification:_identify(thorvald_nvidia/loki/loki_msgs) by extension 'ros'
[0.912s] DEBUG:colcon.colcon_core.package_identification:Package 'thorvald_nvidia/loki/loki_msgs' with type 'ros.ament_cmake' and name 'loki_msgs'
[0.912s] Level 1:colcon.colcon_core.package_identification:_identify(thorvald_nvidia/loki/loki_simulator) by extensions ['ignore', 'ignore_ament_install']
[0.912s] Level 1:colcon.colcon_core.package_identification:_identify(thorvald_nvidia/loki/loki_simulator) by extension 'ignore'
[0.912s] Level 1:colcon.colcon_core.package_identification:_identify(thorvald_nvidia/loki/loki_simulator) by extension 'ignore_ament_install'
[0.912s] Level 1:colcon.colcon_core.package_identification:_identify(thorvald_nvidia/loki/loki_simulator) by extensions ['colcon_pkg']
[0.912s] Level 1:colcon.colcon_core.package_identification:_identify(thorvald_nvidia/loki/loki_simulator) by extension 'colcon_pkg'
[0.912s] Level 1:colcon.colcon_core.package_identification:_identify(thorvald_nvidia/loki/loki_simulator) by extensions ['colcon_meta']
[0.913s] Level 1:colcon.colcon_core.package_identification:_identify(thorvald_nvidia/loki/loki_simulator) by extension 'colcon_meta'
[0.913s] Level 1:colcon.colcon_core.package_identification:_identify(thorvald_nvidia/loki/loki_simulator) by extensions ['ros']
[0.913s] Level 1:colcon.colcon_core.package_identification:_identify(thorvald_nvidia/loki/loki_simulator) by extension 'ros'
[0.913s] DEBUG:colcon.colcon_core.package_identification:Package 'thorvald_nvidia/loki/loki_simulator' with type 'ros.ament_cmake' and name 'loki_simulator'
[0.913s] Level 1:colcon.colcon_core.package_identification:_identify(thorvald_nvidia/loki/loki_teleop) by extensions ['ignore', 'ignore_ament_install']
[0.913s] Level 1:colcon.colcon_core.package_identification:_identify(thorvald_nvidia/loki/loki_teleop) by extension 'ignore'
[0.914s] Level 1:colcon.colcon_core.package_identification:_identify(thorvald_nvidia/loki/loki_teleop) by extension 'ignore_ament_install'
[0.914s] Level 1:colcon.colcon_core.package_identification:_identify(thorvald_nvidia/loki/loki_teleop) by extensions ['colcon_pkg']
[0.914s] Level 1:colcon.colcon_core.package_identification:_identify(thorvald_nvidia/loki/loki_teleop) by extension 'colcon_pkg'
[0.914s] Level 1:colcon.colcon_core.package_identification:_identify(thorvald_nvidia/loki/loki_teleop) by extensions ['colcon_meta']
[0.914s] Level 1:colcon.colcon_core.package_identification:_identify(thorvald_nvidia/loki/loki_teleop) by extension 'colcon_meta'
[0.914s] Level 1:colcon.colcon_core.package_identification:_identify(thorvald_nvidia/loki/loki_teleop) by extensions ['ros']
[0.914s] Level 1:colcon.colcon_core.package_identification:_identify(thorvald_nvidia/loki/loki_teleop) by extension 'ros'
[0.916s] DEBUG:colcon.colcon_core.package_identification:Package 'thorvald_nvidia/loki/loki_teleop' with type 'ros.ament_python' and name 'loki_teleop'
[0.916s] Level 1:colcon.colcon_core.package_identification:_identify(thorvald_nvidia/loki/loki_twist_mux) by extensions ['ignore', 'ignore_ament_install']
[0.916s] Level 1:colcon.colcon_core.package_identification:_identify(thorvald_nvidia/loki/loki_twist_mux) by extension 'ignore'
[0.916s] Level 1:colcon.colcon_core.package_identification:_identify(thorvald_nvidia/loki/loki_twist_mux) by extension 'ignore_ament_install'
[0.916s] Level 1:colcon.colcon_core.package_identification:_identify(thorvald_nvidia/loki/loki_twist_mux) by extensions ['colcon_pkg']
[0.916s] Level 1:colcon.colcon_core.package_identification:_identify(thorvald_nvidia/loki/loki_twist_mux) by extension 'colcon_pkg'
[0.916s] Level 1:colcon.colcon_core.package_identification:_identify(thorvald_nvidia/loki/loki_twist_mux) by extensions ['colcon_meta']
[0.916s] Level 1:colcon.colcon_core.package_identification:_identify(thorvald_nvidia/loki/loki_twist_mux) by extension 'colcon_meta'
[0.916s] Level 1:colcon.colcon_core.package_identification:_identify(thorvald_nvidia/loki/loki_twist_mux) by extensions ['ros']
[0.916s] Level 1:colcon.colcon_core.package_identification:_identify(thorvald_nvidia/loki/loki_twist_mux) by extension 'ros'
[0.917s] DEBUG:colcon.colcon_core.package_identification:Package 'thorvald_nvidia/loki/loki_twist_mux' with type 'ros.ament_cmake' and name 'loki_twist_mux'
[0.918s] Level 1:colcon.colcon_core.package_identification:_identify(thorvald_nvidia/loki/rasberry_gazebo) by extensions ['ignore', 'ignore_ament_install']
[0.918s] Level 1:colcon.colcon_core.package_identification:_identify(thorvald_nvidia/loki/rasberry_gazebo) by extension 'ignore'
[0.918s] Level 1:colcon.colcon_core.package_identification:_identify(thorvald_nvidia/loki/rasberry_gazebo) by extension 'ignore_ament_install'
[0.918s] Level 1:colcon.colcon_core.package_identification:_identify(thorvald_nvidia/loki/rasberry_gazebo) by extensions ['colcon_pkg']
[0.918s] Level 1:colcon.colcon_core.package_identification:_identify(thorvald_nvidia/loki/rasberry_gazebo) by extension 'colcon_pkg'
[0.918s] Level 1:colcon.colcon_core.package_identification:_identify(thorvald_nvidia/loki/rasberry_gazebo) by extensions ['colcon_meta']
[0.918s] Level 1:colcon.colcon_core.package_identification:_identify(thorvald_nvidia/loki/rasberry_gazebo) by extension 'colcon_meta'
[0.918s] Level 1:colcon.colcon_core.package_identification:_identify(thorvald_nvidia/loki/rasberry_gazebo) by extensions ['ros']
[0.918s] Level 1:colcon.colcon_core.package_identification:_identify(thorvald_nvidia/loki/rasberry_gazebo) by extension 'ros'
[0.920s] DEBUG:colcon.colcon_core.package_identification:Package 'thorvald_nvidia/loki/rasberry_gazebo' with type 'ros.ament_cmake' and name 'rasberry_gazebo'
[0.920s] Level 1:colcon.colcon_core.package_identification:_identify(thorvald_nvidia/loki/robot_bringup) by extensions ['ignore', 'ignore_ament_install']
[0.920s] Level 1:colcon.colcon_core.package_identification:_identify(thorvald_nvidia/loki/robot_bringup) by extension 'ignore'
[0.920s] Level 1:colcon.colcon_core.package_identification:_identify(thorvald_nvidia/loki/robot_bringup) by extension 'ignore_ament_install'
[0.920s] Level 1:colcon.colcon_core.package_identification:_identify(thorvald_nvidia/loki/robot_bringup) by extensions ['colcon_pkg']
[0.920s] Level 1:colcon.colcon_core.package_identification:_identify(thorvald_nvidia/loki/robot_bringup) by extension 'colcon_pkg'
[0.921s] Level 1:colcon.colcon_core.package_identification:_identify(thorvald_nvidia/loki/robot_bringup) by extensions ['colcon_meta']
[0.921s] Level 1:colcon.colcon_core.package_identification:_identify(thorvald_nvidia/loki/robot_bringup) by extension 'colcon_meta'
[0.921s] Level 1:colcon.colcon_core.package_identification:_identify(thorvald_nvidia/loki/robot_bringup) by extensions ['ros']
[0.921s] Level 1:colcon.colcon_core.package_identification:_identify(thorvald_nvidia/loki/robot_bringup) by extension 'ros'
[0.922s] DEBUG:colcon.colcon_core.package_identification:Package 'thorvald_nvidia/loki/robot_bringup' with type 'ros.ament_cmake' and name 'robot_bringup'
[0.922s] Level 1:colcon.colcon_core.package_discovery:discover_packages(recursive) using defaults
[0.922s] Level 1:colcon.colcon_core.package_discovery:discover_packages(ignore) discover
[0.922s] Level 1:colcon.colcon_core.package_discovery:discover_packages(ignore) using defaults
[0.922s] Level 1:colcon.colcon_core.package_discovery:discover_packages(path) discover
[0.922s] Level 1:colcon.colcon_core.package_discovery:discover_packages(path) using defaults
[1.008s] Level 1:colcon.colcon_core.package_discovery:discover_packages(prefix_path) check parameters
[1.008s] Level 1:colcon.colcon_core.package_discovery:discover_packages(prefix_path) discover
[1.036s] DEBUG:colcon.colcon_installed_package_information.package_discovery:Found 376 installed packages in /opt/ros/humble
[1.037s] Level 1:colcon.colcon_core.package_discovery:discover_packages(prefix_path) using defaults
[1.123s] Level 5:colcon.colcon_core.verb:set package 'loki_description' build argument 'cmake_args' from command line to 'None'
[1.123s] Level 5:colcon.colcon_core.verb:set package 'loki_description' build argument 'cmake_target' from command line to 'None'
[1.123s] Level 5:colcon.colcon_core.verb:set package 'loki_description' build argument 'cmake_target_skip_unavailable' from command line to 'False'
[1.123s] Level 5:colcon.colcon_core.verb:set package 'loki_description' build argument 'cmake_clean_cache' from command line to 'False'
[1.123s] Level 5:colcon.colcon_core.verb:set package 'loki_description' build argument 'cmake_clean_first' from command line to 'False'
[1.123s] Level 5:colcon.colcon_core.verb:set package 'loki_description' build argument 'cmake_force_configure' from command line to 'False'
[1.123s] Level 5:colcon.colcon_core.verb:set package 'loki_description' build argument 'ament_cmake_args' from command line to 'None'
[1.123s] Level 5:colcon.colcon_core.verb:set package 'loki_description' build argument 'catkin_cmake_args' from command line to 'None'
[1.123s] Level 5:colcon.colcon_core.verb:set package 'loki_description' build argument 'catkin_skip_building_tests' from command line to 'False'
[1.123s] DEBUG:colcon.colcon_core.verb:Building package 'loki_description' with the following arguments: {'ament_cmake_args': None, 'build_base': '/home/cairlab/Documents/GitHub/Isaac_Thorvald/build/loki_description', 'catkin_cmake_args': None, 'catkin_skip_building_tests': False, 'cmake_args': None, 'cmake_clean_cache': False, 'cmake_clean_first': False, 'cmake_force_configure': False, 'cmake_target': None, 'cmake_target_skip_unavailable': False, 'install_base': '/home/cairlab/Documents/GitHub/Isaac_Thorvald/install/loki_description', 'merge_install': False, 'path': '/home/cairlab/Documents/GitHub/Isaac_Thorvald/thorvald_nvidia/loki/loki_description', 'symlink_install': False, 'test_result_base': None}
[1.136s] Level 5:colcon.colcon_core.verb:set package 'loki_teleop' build argument 'cmake_args' from command line to 'None'
[1.136s] Level 5:colcon.colcon_core.verb:set package 'loki_teleop' build argument 'cmake_target' from command line to 'None'
[1.136s] Level 5:colcon.colcon_core.verb:set package 'loki_teleop' build argument 'cmake_target_skip_unavailable' from command line to 'False'
[1.136s] Level 5:colcon.colcon_core.verb:set package 'loki_teleop' build argument 'cmake_clean_cache' from command line to 'False'
[1.136s] Level 5:colcon.colcon_core.verb:set package 'loki_teleop' build argument 'cmake_clean_first' from command line to 'False'
[1.136s] Level 5:colcon.colcon_core.verb:set package 'loki_teleop' build argument 'cmake_force_configure' from command line to 'False'
[1.136s] Level 5:colcon.colcon_core.verb:set package 'loki_teleop' build argument 'ament_cmake_args' from command line to 'None'
[1.136s] Level 5:colcon.colcon_core.verb:set package 'loki_teleop' build argument 'catkin_cmake_args' from command line to 'None'
[1.136s] Level 5:colcon.colcon_core.verb:set package 'loki_teleop' build argument 'catkin_skip_building_tests' from command line to 'False'
[1.136s] DEBUG:colcon.colcon_core.verb:Building package 'loki_teleop' with the following arguments: {'ament_cmake_args': None, 'build_base': '/home/cairlab/Documents/GitHub/Isaac_Thorvald/build/loki_teleop', 'catkin_cmake_args': None, 'catkin_skip_building_tests': False, 'cmake_args': None, 'cmake_clean_cache': False, 'cmake_clean_first': False, 'cmake_force_configure': False, 'cmake_target': None, 'cmake_target_skip_unavailable': False, 'install_base': '/home/cairlab/Documents/GitHub/Isaac_Thorvald/install/loki_teleop', 'merge_install': False, 'path': '/home/cairlab/Documents/GitHub/Isaac_Thorvald/thorvald_nvidia/loki/loki_teleop', 'symlink_install': False, 'test_result_base': None}
[1.150s] Level 5:colcon.colcon_core.verb:set package 'loki_twist_mux' build argument 'cmake_args' from command line to 'None'
[1.150s] Level 5:colcon.colcon_core.verb:set package 'loki_twist_mux' build argument 'cmake_target' from command line to 'None'
[1.150s] Level 5:colcon.colcon_core.verb:set package 'loki_twist_mux' build argument 'cmake_target_skip_unavailable' from command line to 'False'
[1.150s] Level 5:colcon.colcon_core.verb:set package 'loki_twist_mux' build argument 'cmake_clean_cache' from command line to 'False'
[1.150s] Level 5:colcon.colcon_core.verb:set package 'loki_twist_mux' build argument 'cmake_clean_first' from command line to 'False'
[1.150s] Level 5:colcon.colcon_core.verb:set package 'loki_twist_mux' build argument 'cmake_force_configure' from command line to 'False'
[1.150s] Level 5:colcon.colcon_core.verb:set package 'loki_twist_mux' build argument 'ament_cmake_args' from command line to 'None'
[1.150s] Level 5:colcon.colcon_core.verb:set package 'loki_twist_mux' build argument 'catkin_cmake_args' from command line to 'None'
[1.150s] Level 5:colcon.colcon_core.verb:set package 'loki_twist_mux' build argument 'catkin_skip_building_tests' from command line to 'False'
[1.150s] DEBUG:colcon.colcon_core.verb:Building package 'loki_twist_mux' with the following arguments: {'ament_cmake_args': None, 'build_base': '/home/cairlab/Documents/GitHub/Isaac_Thorvald/build/loki_twist_mux', 'catkin_cmake_args': None, 'catkin_skip_building_tests': False, 'cmake_args': None, 'cmake_clean_cache': False, 'cmake_clean_first': False, 'cmake_force_configure': False, 'cmake_target': None, 'cmake_target_skip_unavailable': False, 'install_base': '/home/cairlab/Documents/GitHub/Isaac_Thorvald/install/loki_twist_mux', 'merge_install': False, 'path': '/home/cairlab/Documents/GitHub/Isaac_Thorvald/thorvald_nvidia/loki/loki_twist_mux', 'symlink_install': False, 'test_result_base': None}
[1.163s] Level 5:colcon.colcon_core.verb:set package 'rasberry_gazebo' build argument 'cmake_args' from command line to 'None'
[1.163s] Level 5:colcon.colcon_core.verb:set package 'rasberry_gazebo' build argument 'cmake_target' from command line to 'None'
[1.163s] Level 5:colcon.colcon_core.verb:set package 'rasberry_gazebo' build argument 'cmake_target_skip_unavailable' from command line to 'False'
[1.163s] Level 5:colcon.colcon_core.verb:set package 'rasberry_gazebo' build argument 'cmake_clean_cache' from command line to 'False'
[1.163s] Level 5:colcon.colcon_core.verb:set package 'rasberry_gazebo' build argument 'cmake_clean_first' from command line to 'False'
[1.163s] Level 5:colcon.colcon_core.verb:set package 'rasberry_gazebo' build argument 'cmake_force_configure' from command line to 'False'
[1.163s] Level 5:colcon.colcon_core.verb:set package 'rasberry_gazebo' build argument 'ament_cmake_args' from command line to 'None'
[1.163s] Level 5:colcon.colcon_core.verb:set package 'rasberry_gazebo' build argument 'catkin_cmake_args' from command line to 'None'
[1.163s] Level 5:colcon.colcon_core.verb:set package 'rasberry_gazebo' build argument 'catkin_skip_building_tests' from command line to 'False'
[1.163s] DEBUG:colcon.colcon_core.verb:Building package 'rasberry_gazebo' with the following arguments: {'ament_cmake_args': None, 'build_base': '/home/cairlab/Documents/GitHub/Isaac_Thorvald/build/rasberry_gazebo', 'catkin_cmake_args': None, 'catkin_skip_building_tests': False, 'cmake_args': None, 'cmake_clean_cache': False, 'cmake_clean_first': False, 'cmake_force_configure': False, 'cmake_target': None, 'cmake_target_skip_unavailable': False, 'install_base': '/home/cairlab/Documents/GitHub/Isaac_Thorvald/install/rasberry_gazebo', 'merge_install': False, 'path': '/home/cairlab/Documents/GitHub/Isaac_Thorvald/thorvald_nvidia/loki/rasberry_gazebo', 'symlink_install': False, 'test_result_base': None}
[1.177s] Level 5:colcon.colcon_core.verb:set package 'loki_msgs' build argument 'cmake_args' from command line to 'None'
[1.177s] Level 5:colcon.colcon_core.verb:set package 'loki_msgs' build argument 'cmake_target' from command line to 'None'
[1.177s] Level 5:colcon.colcon_core.verb:set package 'loki_msgs' build argument 'cmake_target_skip_unavailable' from command line to 'False'
[1.177s] Level 5:colcon.colcon_core.verb:set package 'loki_msgs' build argument 'cmake_clean_cache' from command line to 'False'
[1.177s] Level 5:colcon.colcon_core.verb:set package 'loki_msgs' build argument 'cmake_clean_first' from command line to 'False'
[1.177s] Level 5:colcon.colcon_core.verb:set package 'loki_msgs' build argument 'cmake_force_configure' from command line to 'False'
[1.177s] Level 5:colcon.colcon_core.verb:set package 'loki_msgs' build argument 'ament_cmake_args' from command line to 'None'
[1.177s] Level 5:colcon.colcon_core.verb:set package 'loki_msgs' build argument 'catkin_cmake_args' from command line to 'None'
[1.177s] Level 5:colcon.colcon_core.verb:set package 'loki_msgs' build argument 'catkin_skip_building_tests' from command line to 'False'
[1.177s] DEBUG:colcon.colcon_core.verb:Building package 'loki_msgs' with the following arguments: {'ament_cmake_args': None, 'build_base': '/home/cairlab/Documents/GitHub/Isaac_Thorvald/build/loki_msgs', 'catkin_cmake_args': None, 'catkin_skip_building_tests': False, 'cmake_args': None, 'cmake_clean_cache': False, 'cmake_clean_first': False, 'cmake_force_configure': False, 'cmake_target': None, 'cmake_target_skip_unavailable': False, 'install_base': '/home/cairlab/Documents/GitHub/Isaac_Thorvald/install/loki_msgs', 'merge_install': False, 'path': '/home/cairlab/Documents/GitHub/Isaac_Thorvald/thorvald_nvidia/loki/loki_msgs', 'symlink_install': False, 'test_result_base': None}
[1.190s] Level 5:colcon.colcon_core.verb:set package 'loki_can_devices' build argument 'cmake_args' from command line to 'None'
[1.190s] Level 5:colcon.colcon_core.verb:set package 'loki_can_devices' build argument 'cmake_target' from command line to 'None'
[1.190s] Level 5:colcon.colcon_core.verb:set package 'loki_can_devices' build argument 'cmake_target_skip_unavailable' from command line to 'False'
[1.190s] Level 5:colcon.colcon_core.verb:set package 'loki_can_devices' build argument 'cmake_clean_cache' from command line to 'False'
[1.190s] Level 5:colcon.colcon_core.verb:set package 'loki_can_devices' build argument 'cmake_clean_first' from command line to 'False'
[1.190s] Level 5:colcon.colcon_core.verb:set package 'loki_can_devices' build argument 'cmake_force_configure' from command line to 'False'
[1.190s] Level 5:colcon.colcon_core.verb:set package 'loki_can_devices' build argument 'ament_cmake_args' from command line to 'None'
[1.190s] Level 5:colcon.colcon_core.verb:set package 'loki_can_devices' build argument 'catkin_cmake_args' from command line to 'None'
[1.190s] Level 5:colcon.colcon_core.verb:set package 'loki_can_devices' build argument 'catkin_skip_building_tests' from command line to 'False'
[1.190s] DEBUG:colcon.colcon_core.verb:Building package 'loki_can_devices' with the following arguments: {'ament_cmake_args': None, 'build_base': '/home/cairlab/Documents/GitHub/Isaac_Thorvald/build/loki_can_devices', 'catkin_cmake_args': None, 'catkin_skip_building_tests': False, 'cmake_args': None, 'cmake_clean_cache': False, 'cmake_clean_first': False, 'cmake_force_configure': False, 'cmake_target': None, 'cmake_target_skip_unavailable': False, 'install_base': '/home/cairlab/Documents/GitHub/Isaac_Thorvald/install/loki_can_devices', 'merge_install': False, 'path': '/home/cairlab/Documents/GitHub/Isaac_Thorvald/thorvald_nvidia/loki/loki_can_devices', 'symlink_install': False, 'test_result_base': None}
[1.203s] Level 5:colcon.colcon_core.verb:set package 'loki_base' build argument 'cmake_args' from command line to 'None'
[1.203s] Level 5:colcon.colcon_core.verb:set package 'loki_base' build argument 'cmake_target' from command line to 'None'
[1.203s] Level 5:colcon.colcon_core.verb:set package 'loki_base' build argument 'cmake_target_skip_unavailable' from command line to 'False'
[1.203s] Level 5:colcon.colcon_core.verb:set package 'loki_base' build argument 'cmake_clean_cache' from command line to 'False'
[1.203s] Level 5:colcon.colcon_core.verb:set package 'loki_base' build argument 'cmake_clean_first' from command line to 'False'
[1.203s] Level 5:colcon.colcon_core.verb:set package 'loki_base' build argument 'cmake_force_configure' from command line to 'False'
[1.203s] Level 5:colcon.colcon_core.verb:set package 'loki_base' build argument 'ament_cmake_args' from command line to 'None'
[1.203s] Level 5:colcon.colcon_core.verb:set package 'loki_base' build argument 'catkin_cmake_args' from command line to 'None'
[1.203s] Level 5:colcon.colcon_core.verb:set package 'loki_base' build argument 'catkin_skip_building_tests' from command line to 'False'
[1.204s] DEBUG:colcon.colcon_core.verb:Building package 'loki_base' with the following arguments: {'ament_cmake_args': None, 'build_base': '/home/cairlab/Documents/GitHub/Isaac_Thorvald/build/loki_base', 'catkin_cmake_args': None, 'catkin_skip_building_tests': False, 'cmake_args': None, 'cmake_clean_cache': False, 'cmake_clean_first': False, 'cmake_force_configure': False, 'cmake_target': None, 'cmake_target_skip_unavailable': False, 'install_base': '/home/cairlab/Documents/GitHub/Isaac_Thorvald/install/loki_base', 'merge_install': False, 'path': '/home/cairlab/Documents/GitHub/Isaac_Thorvald/thorvald_nvidia/loki/loki_base', 'symlink_install': False, 'test_result_base': None}
[1.217s] Level 5:colcon.colcon_core.verb:set package 'loki_simulator' build argument 'cmake_args' from command line to 'None'
[1.217s] Level 5:colcon.colcon_core.verb:set package 'loki_simulator' build argument 'cmake_target' from command line to 'None'
[1.217s] Level 5:colcon.colcon_core.verb:set package 'loki_simulator' build argument 'cmake_target_skip_unavailable' from command line to 'False'
[1.217s] Level 5:colcon.colcon_core.verb:set package 'loki_simulator' build argument 'cmake_clean_cache' from command line to 'False'
[1.217s] Level 5:colcon.colcon_core.verb:set package 'loki_simulator' build argument 'cmake_clean_first' from command line to 'False'
[1.217s] Level 5:colcon.colcon_core.verb:set package 'loki_simulator' build argument 'cmake_force_configure' from command line to 'False'
[1.217s] Level 5:colcon.colcon_core.verb:set package 'loki_simulator' build argument 'ament_cmake_args' from command line to 'None'
[1.217s] Level 5:colcon.colcon_core.verb:set package 'loki_simulator' build argument 'catkin_cmake_args' from command line to 'None'
[1.217s] Level 5:colcon.colcon_core.verb:set package 'loki_simulator' build argument 'catkin_skip_building_tests' from command line to 'False'
[1.217s] DEBUG:colcon.colcon_core.verb:Building package 'loki_simulator' with the following arguments: {'ament_cmake_args': None, 'build_base': '/home/cairlab/Documents/GitHub/Isaac_Thorvald/build/loki_simulator', 'catkin_cmake_args': None, 'catkin_skip_building_tests': False, 'cmake_args': None, 'cmake_clean_cache': False, 'cmake_clean_first': False, 'cmake_force_configure': False, 'cmake_target': None, 'cmake_target_skip_unavailable': False, 'install_base': '/home/cairlab/Documents/GitHub/Isaac_Thorvald/install/loki_simulator', 'merge_install': False, 'path': '/home/cairlab/Documents/GitHub/Isaac_Thorvald/thorvald_nvidia/loki/loki_simulator', 'symlink_install': False, 'test_result_base': None}
[1.230s] Level 5:colcon.colcon_core.verb:set package 'robot_bringup' build argument 'cmake_args' from command line to 'None'
[1.230s] Level 5:colcon.colcon_core.verb:set package 'robot_bringup' build argument 'cmake_target' from command line to 'None'
[1.230s] Level 5:colcon.colcon_core.verb:set package 'robot_bringup' build argument 'cmake_target_skip_unavailable' from command line to 'False'
[1.230s] Level 5:colcon.colcon_core.verb:set package 'robot_bringup' build argument 'cmake_clean_cache' from command line to 'False'
[1.230s] Level 5:colcon.colcon_core.verb:set package 'robot_bringup' build argument 'cmake_clean_first' from command line to 'False'
[1.230s] Level 5:colcon.colcon_core.verb:set package 'robot_bringup' build argument 'cmake_force_configure' from command line to 'False'
[1.230s] Level 5:colcon.colcon_core.verb:set package 'robot_bringup' build argument 'ament_cmake_args' from command line to 'None'
[1.230s] Level 5:colcon.colcon_core.verb:set package 'robot_bringup' build argument 'catkin_cmake_args' from command line to 'None'
[1.230s] Level 5:colcon.colcon_core.verb:set package 'robot_bringup' build argument 'catkin_skip_building_tests' from command line to 'False'
[1.230s] DEBUG:colcon.colcon_core.verb:Building package 'robot_bringup' with the following arguments: {'ament_cmake_args': None, 'build_base': '/home/cairlab/Documents/GitHub/Isaac_Thorvald/build/robot_bringup', 'catkin_cmake_args': None, 'catkin_skip_building_tests': False, 'cmake_args': None, 'cmake_clean_cache': False, 'cmake_clean_first': False, 'cmake_force_configure': False, 'cmake_target': None, 'cmake_target_skip_unavailable': False, 'install_base': '/home/cairlab/Documents/GitHub/Isaac_Thorvald/install/robot_bringup', 'merge_install': False, 'path': '/home/cairlab/Documents/GitHub/Isaac_Thorvald/thorvald_nvidia/loki/robot_bringup', 'symlink_install': False, 'test_result_base': None}
[1.243s] Level 5:colcon.colcon_core.verb:set package 'loki_bringup' build argument 'cmake_args' from command line to 'None'
[1.243s] Level 5:colcon.colcon_core.verb:set package 'loki_bringup' build argument 'cmake_target' from command line to 'None'
[1.243s] Level 5:colcon.colcon_core.verb:set package 'loki_bringup' build argument 'cmake_target_skip_unavailable' from command line to 'False'
[1.243s] Level 5:colcon.colcon_core.verb:set package 'loki_bringup' build argument 'cmake_clean_cache' from command line to 'False'
[1.243s] Level 5:colcon.colcon_core.verb:set package 'loki_bringup' build argument 'cmake_clean_first' from command line to 'False'
[1.243s] Level 5:colcon.colcon_core.verb:set package 'loki_bringup' build argument 'cmake_force_configure' from command line to 'False'
[1.243s] Level 5:colcon.colcon_core.verb:set package 'loki_bringup' build argument 'ament_cmake_args' from command line to 'None'
[1.243s] Level 5:colcon.colcon_core.verb:set package 'loki_bringup' build argument 'catkin_cmake_args' from command line to 'None'
[1.243s] Level 5:colcon.colcon_core.verb:set package 'loki_bringup' build argument 'catkin_skip_building_tests' from command line to 'False'
[1.243s] DEBUG:colcon.colcon_core.verb:Building package 'loki_bringup' with the following arguments: {'ament_cmake_args': None, 'build_base': '/home/cairlab/Documents/GitHub/Isaac_Thorvald/build/loki_bringup', 'catkin_cmake_args': None, 'catkin_skip_building_tests': False, 'cmake_args': None, 'cmake_clean_cache': False, 'cmake_clean_first': False, 'cmake_force_configure': False, 'cmake_target': None, 'cmake_target_skip_unavailable': False, 'install_base': '/home/cairlab/Documents/GitHub/Isaac_Thorvald/install/loki_bringup', 'merge_install': False, 'path': '/home/cairlab/Documents/GitHub/Isaac_Thorvald/thorvald_nvidia/loki/loki_bringup', 'symlink_install': False, 'test_result_base': None}
[1.256s] INFO:colcon.colcon_core.executor:Executing jobs using 'parallel' executor
[1.269s] DEBUG:colcon.colcon_parallel_executor.executor.parallel:run_until_complete
[1.270s] INFO:colcon.colcon_ros.task.ament_cmake.build:Building ROS package in '/home/cairlab/Documents/GitHub/Isaac_Thorvald/thorvald_nvidia/loki/loki_description' with build type 'ament_cmake'
[1.270s] INFO:colcon.colcon_cmake.task.cmake.build:Building CMake package in '/home/cairlab/Documents/GitHub/Isaac_Thorvald/thorvald_nvidia/loki/loki_description'
[1.284s] INFO:colcon.colcon_core.plugin_system:Skipping extension 'colcon_core.shell.bat': Not used on non-Windows systems
[1.285s] INFO:colcon.colcon_core.shell:Skip shell extension 'powershell' for command environment: Not usable outside of PowerShell
[1.285s] DEBUG:colcon.colcon_core.shell:Skip shell extension 'dsv' for command environment
[1.314s] INFO:colcon.colcon_ros.task.ament_python.build:Building ROS package in '/home/cairlab/Documents/GitHub/Isaac_Thorvald/thorvald_nvidia/loki/loki_teleop' with build type 'ament_python'
[1.315s] Level 1:colcon.colcon_core.shell:create_environment_hook('loki_teleop', 'ament_prefix_path')
[1.329s] INFO:colcon.colcon_core.shell:Creating environment hook '/home/cairlab/Documents/GitHub/Isaac_Thorvald/install/loki_teleop/share/loki_teleop/hook/ament_prefix_path.ps1'
[1.330s] INFO:colcon.colcon_core.shell:Creating environment descriptor '/home/cairlab/Documents/GitHub/Isaac_Thorvald/install/loki_teleop/share/loki_teleop/hook/ament_prefix_path.dsv'
[1.330s] INFO:colcon.colcon_core.shell:Creating environment hook '/home/cairlab/Documents/GitHub/Isaac_Thorvald/install/loki_teleop/share/loki_teleop/hook/ament_prefix_path.sh'
[1.345s] INFO:colcon.colcon_core.shell:Skip shell extension 'powershell' for command environment: Not usable outside of PowerShell
[1.345s] DEBUG:colcon.colcon_core.shell:Skip shell extension 'dsv' for command environment
[1.374s] INFO:colcon.colcon_ros.task.ament_cmake.build:Building ROS package in '/home/cairlab/Documents/GitHub/Isaac_Thorvald/thorvald_nvidia/loki/loki_twist_mux' with build type 'ament_cmake'
[1.375s] INFO:colcon.colcon_cmake.task.cmake.build:Building CMake package in '/home/cairlab/Documents/GitHub/Isaac_Thorvald/thorvald_nvidia/loki/loki_twist_mux'
[1.388s] INFO:colcon.colcon_core.shell:Skip shell extension 'powershell' for command environment: Not usable outside of PowerShell
[1.388s] DEBUG:colcon.colcon_core.shell:Skip shell extension 'dsv' for command environment
[1.417s] INFO:colcon.colcon_ros.task.ament_cmake.build:Building ROS package in '/home/cairlab/Documents/GitHub/Isaac_Thorvald/thorvald_nvidia/loki/rasberry_gazebo' with build type 'ament_cmake'
[1.417s] INFO:colcon.colcon_cmake.task.cmake.build:Building CMake package in '/home/cairlab/Documents/GitHub/Isaac_Thorvald/thorvald_nvidia/loki/rasberry_gazebo'
[1.431s] INFO:colcon.colcon_core.shell:Skip shell extension 'powershell' for command environment: Not usable outside of PowerShell
[1.431s] DEBUG:colcon.colcon_core.shell:Skip shell extension 'dsv' for command environment
[1.466s] DEBUG:colcon.colcon_core.event_handler.log_command:Invoking command in '/home/cairlab/Documents/GitHub/Isaac_Thorvald/build/loki_description': CMAKE_PREFIX_PATH=/opt/ros/humble /usr/bin/cmake --build /home/cairlab/Documents/GitHub/Isaac_Thorvald/build/loki_description -- -j12 -l12
[1.628s] INFO:colcon.colcon_core.task.python.build:Building Python package in '/home/cairlab/Documents/GitHub/Isaac_Thorvald/thorvald_nvidia/loki/loki_teleop'
[1.641s] INFO:colcon.colcon_core.shell:Skip shell extension 'powershell' for command environment: Not usable outside of PowerShell
[1.641s] DEBUG:colcon.colcon_core.shell:Skip shell extension 'dsv' for command environment
[1.672s] DEBUG:colcon.colcon_core.event_handler.log_command:Invoking command in '/home/cairlab/Documents/GitHub/Isaac_Thorvald/build/loki_twist_mux': CMAKE_PREFIX_PATH=/opt/ros/humble /usr/bin/cmake --build /home/cairlab/Documents/GitHub/Isaac_Thorvald/build/loki_twist_mux -- -j12 -l12
[1.677s] DEBUG:colcon.colcon_core.event_handler.log_command:Invoking command in '/home/cairlab/Documents/GitHub/Isaac_Thorvald/build/rasberry_gazebo': CMAKE_PREFIX_PATH=/opt/ros/humble /usr/bin/cmake --build /home/cairlab/Documents/GitHub/Isaac_Thorvald/build/rasberry_gazebo -- -j12 -l12
[1.680s] DEBUG:colcon.colcon_core.event_handler.log_command:Invoked command in '/home/cairlab/Documents/GitHub/Isaac_Thorvald/build/loki_description' returned '0': CMAKE_PREFIX_PATH=/opt/ros/humble /usr/bin/cmake --build /home/cairlab/Documents/GitHub/Isaac_Thorvald/build/loki_description -- -j12 -l12
[1.708s] DEBUG:colcon.colcon_core.event_handler.log_command:Invoking command in '/home/cairlab/Documents/GitHub/Isaac_Thorvald/build/loki_description': CMAKE_PREFIX_PATH=/opt/ros/humble /usr/bin/cmake --install /home/cairlab/Documents/GitHub/Isaac_Thorvald/build/loki_description
[1.710s] DEBUG:colcon.colcon_core.event_handler.log_command:Invoked command in '/home/cairlab/Documents/GitHub/Isaac_Thorvald/build/loki_twist_mux' returned '0': CMAKE_PREFIX_PATH=/opt/ros/humble /usr/bin/cmake --build /home/cairlab/Documents/GitHub/Isaac_Thorvald/build/loki_twist_mux -- -j12 -l12
[1.718s] Level 1:colcon.colcon_core.environment:create_environment_scripts_only(loki_description)
[1.722s] DEBUG:colcon.colcon_core.event_handler.log_command:Invoked command in '/home/cairlab/Documents/GitHub/Isaac_Thorvald/build/rasberry_gazebo' returned '0': CMAKE_PREFIX_PATH=/opt/ros/humble /usr/bin/cmake --build /home/cairlab/Documents/GitHub/Isaac_Thorvald/build/rasberry_gazebo -- -j12 -l12
[1.724s] DEBUG:colcon.colcon_core.event_handler.log_command:Invoked command in '/home/cairlab/Documents/GitHub/Isaac_Thorvald/build/loki_description' returned '0': CMAKE_PREFIX_PATH=/opt/ros/humble /usr/bin/cmake --install /home/cairlab/Documents/GitHub/Isaac_Thorvald/build/loki_description
[1.737s] Level 1:colcon.colcon_core.environment:checking '/home/cairlab/Documents/GitHub/Isaac_Thorvald/install/loki_description' for CMake module files
[1.738s] Level 1:colcon.colcon_core.environment:checking '/home/cairlab/Documents/GitHub/Isaac_Thorvald/install/loki_description' for CMake config files
[1.738s] Level 1:colcon.colcon_core.shell:create_environment_hook('loki_description', 'cmake_prefix_path')
[1.751s] INFO:colcon.colcon_core.shell:Creating environment hook '/home/cairlab/Documents/GitHub/Isaac_Thorvald/install/loki_description/share/loki_description/hook/cmake_prefix_path.ps1'
[1.751s] INFO:colcon.colcon_core.shell:Creating environment descriptor '/home/cairlab/Documents/GitHub/Isaac_Thorvald/install/loki_description/share/loki_description/hook/cmake_prefix_path.dsv'
[1.752s] INFO:colcon.colcon_core.shell:Creating environment hook '/home/cairlab/Documents/GitHub/Isaac_Thorvald/install/loki_description/share/loki_description/hook/cmake_prefix_path.sh'
[1.752s] Level 1:colcon.colcon_core.environment:checking '/home/cairlab/Documents/GitHub/Isaac_Thorvald/install/loki_description/bin'
[1.752s] Level 1:colcon.colcon_core.environment:checking '/home/cairlab/Documents/GitHub/Isaac_Thorvald/install/loki_description/lib/pkgconfig/loki_description.pc'
[1.753s] Level 1:colcon.colcon_core.environment:checking '/home/cairlab/Documents/GitHub/Isaac_Thorvald/install/loki_description/lib/python3.10/site-packages'
[1.753s] Level 1:colcon.colcon_core.environment:checking '/home/cairlab/Documents/GitHub/Isaac_Thorvald/install/loki_description/bin'
[1.768s] INFO:colcon.colcon_core.shell:Creating package script '/home/cairlab/Documents/GitHub/Isaac_Thorvald/install/loki_description/share/loki_description/package.ps1'
[1.768s] INFO:colcon.colcon_core.shell:Creating package descriptor '/home/cairlab/Documents/GitHub/Isaac_Thorvald/install/loki_description/share/loki_description/package.dsv'
[1.769s] INFO:colcon.colcon_core.shell:Creating package script '/home/cairlab/Documents/GitHub/Isaac_Thorvald/install/loki_description/share/loki_description/package.sh'
[1.769s] INFO:colcon.colcon_core.shell:Creating package script '/home/cairlab/Documents/GitHub/Isaac_Thorvald/install/loki_description/share/loki_description/package.bash'
[1.770s] INFO:colcon.colcon_core.shell:Creating package script '/home/cairlab/Documents/GitHub/Isaac_Thorvald/install/loki_description/share/loki_description/package.zsh'
[1.770s] Level 1:colcon.colcon_core.environment:create_file_with_runtime_dependencies(/home/cairlab/Documents/GitHub/Isaac_Thorvald/install/loki_description/share/colcon-core/packages/loki_description)
[1.773s] DEBUG:colcon.colcon_core.event_handler.log_command:Invoking command in '/home/cairlab/Documents/GitHub/Isaac_Thorvald/build/loki_twist_mux': CMAKE_PREFIX_PATH=/opt/ros/humble /usr/bin/cmake --install /home/cairlab/Documents/GitHub/Isaac_Thorvald/build/loki_twist_mux
[1.774s] DEBUG:colcon.colcon_core.event_handler.log_command:Invoking command in '/home/cairlab/Documents/GitHub/Isaac_Thorvald/build/rasberry_gazebo': CMAKE_PREFIX_PATH=/opt/ros/humble /usr/bin/cmake --install /home/cairlab/Documents/GitHub/Isaac_Thorvald/build/rasberry_gazebo
[1.782s] Level 1:colcon.colcon_core.environment:create_environment_scripts_only(loki_twist_mux)
[1.787s] DEBUG:colcon.colcon_core.event_handler.log_command:Invoked command in '/home/cairlab/Documents/GitHub/Isaac_Thorvald/build/loki_twist_mux' returned '0': CMAKE_PREFIX_PATH=/opt/ros/humble /usr/bin/cmake --install /home/cairlab/Documents/GitHub/Isaac_Thorvald/build/loki_twist_mux
[1.799s] Level 1:colcon.colcon_core.environment:checking '/home/cairlab/Documents/GitHub/Isaac_Thorvald/install/loki_twist_mux' for CMake module files
[1.799s] Level 1:colcon.colcon_core.environment:checking '/home/cairlab/Documents/GitHub/Isaac_Thorvald/install/loki_twist_mux' for CMake config files
[1.800s] Level 1:colcon.colcon_core.shell:create_environment_hook('loki_twist_mux', 'cmake_prefix_path')
[1.813s] INFO:colcon.colcon_core.shell:Creating environment hook '/home/cairlab/Documents/GitHub/Isaac_Thorvald/install/loki_twist_mux/share/loki_twist_mux/hook/cmake_prefix_path.ps1'
[1.813s] INFO:colcon.colcon_core.shell:Creating environment descriptor '/home/cairlab/Documents/GitHub/Isaac_Thorvald/install/loki_twist_mux/share/loki_twist_mux/hook/cmake_prefix_path.dsv'
[1.814s] INFO:colcon.colcon_core.shell:Creating environment hook '/home/cairlab/Documents/GitHub/Isaac_Thorvald/install/loki_twist_mux/share/loki_twist_mux/hook/cmake_prefix_path.sh'
[1.814s] Level 1:colcon.colcon_core.environment:checking '/home/cairlab/Documents/GitHub/Isaac_Thorvald/install/loki_twist_mux/bin'
[1.814s] Level 1:colcon.colcon_core.environment:checking '/home/cairlab/Documents/GitHub/Isaac_Thorvald/install/loki_twist_mux/lib/pkgconfig/loki_twist_mux.pc'
[1.814s] Level 1:colcon.colcon_core.environment:checking '/home/cairlab/Documents/GitHub/Isaac_Thorvald/install/loki_twist_mux/lib/python3.10/site-packages'
[1.814s] Level 1:colcon.colcon_core.environment:checking '/home/cairlab/Documents/GitHub/Isaac_Thorvald/install/loki_twist_mux/bin'
[1.828s] INFO:colcon.colcon_core.shell:Creating package script '/home/cairlab/Documents/GitHub/Isaac_Thorvald/install/loki_twist_mux/share/loki_twist_mux/package.ps1'
[1.828s] INFO:colcon.colcon_core.shell:Creating package descriptor '/home/cairlab/Documents/GitHub/Isaac_Thorvald/install/loki_twist_mux/share/loki_twist_mux/package.dsv'
[1.828s] INFO:colcon.colcon_core.shell:Creating package script '/home/cairlab/Documents/GitHub/Isaac_Thorvald/install/loki_twist_mux/share/loki_twist_mux/package.sh'
[1.829s] INFO:colcon.colcon_core.shell:Creating package script '/home/cairlab/Documents/GitHub/Isaac_Thorvald/install/loki_twist_mux/share/loki_twist_mux/package.bash'
[1.829s] INFO:colcon.colcon_core.shell:Creating package script '/home/cairlab/Documents/GitHub/Isaac_Thorvald/install/loki_twist_mux/share/loki_twist_mux/package.zsh'
[1.829s] Level 1:colcon.colcon_core.environment:create_file_with_runtime_dependencies(/home/cairlab/Documents/GitHub/Isaac_Thorvald/install/loki_twist_mux/share/colcon-core/packages/loki_twist_mux)
[1.847s] Level 1:colcon.colcon_core.environment:create_environment_scripts_only(loki_description)
[1.860s] Level 1:colcon.colcon_core.environment:checking '/home/cairlab/Documents/GitHub/Isaac_Thorvald/install/loki_description' for CMake module files
[1.861s] Level 1:colcon.colcon_core.environment:checking '/home/cairlab/Documents/GitHub/Isaac_Thorvald/install/loki_description' for CMake config files
[1.861s] Level 1:colcon.colcon_core.shell:create_environment_hook('loki_description', 'cmake_prefix_path')
[1.874s] INFO:colcon.colcon_core.shell:Creating environment hook '/home/cairlab/Documents/GitHub/Isaac_Thorvald/install/loki_description/share/loki_description/hook/cmake_prefix_path.ps1'
[1.874s] INFO:colcon.colcon_core.shell:Creating environment descriptor '/home/cairlab/Documents/GitHub/Isaac_Thorvald/install/loki_description/share/loki_description/hook/cmake_prefix_path.dsv'
[1.874s] INFO:colcon.colcon_core.shell:Creating environment hook '/home/cairlab/Documents/GitHub/Isaac_Thorvald/install/loki_description/share/loki_description/hook/cmake_prefix_path.sh'
[1.875s] Level 1:colcon.colcon_core.environment:checking '/home/cairlab/Documents/GitHub/Isaac_Thorvald/install/loki_description/bin'
[1.875s] Level 1:colcon.colcon_core.environment:checking '/home/cairlab/Documents/GitHub/Isaac_Thorvald/install/loki_description/lib/pkgconfig/loki_description.pc'
[1.875s] Level 1:colcon.colcon_core.environment:checking '/home/cairlab/Documents/GitHub/Isaac_Thorvald/install/loki_description/lib/python3.10/site-packages'
[1.875s] Level 1:colcon.colcon_core.environment:checking '/home/cairlab/Documents/GitHub/Isaac_Thorvald/install/loki_description/bin'
[1.889s] INFO:colcon.colcon_core.shell:Creating package script '/home/cairlab/Documents/GitHub/Isaac_Thorvald/install/loki_description/share/loki_description/package.ps1'
[1.890s] INFO:colcon.colcon_core.shell:Creating package descriptor '/home/cairlab/Documents/GitHub/Isaac_Thorvald/install/loki_description/share/loki_description/package.dsv'
[1.890s] INFO:colcon.colcon_core.shell:Creating package script '/home/cairlab/Documents/GitHub/Isaac_Thorvald/install/loki_description/share/loki_description/package.sh'
[1.890s] INFO:colcon.colcon_core.shell:Creating package script '/home/cairlab/Documents/GitHub/Isaac_Thorvald/install/loki_description/share/loki_description/package.bash'
[1.891s] INFO:colcon.colcon_core.shell:Creating package script '/home/cairlab/Documents/GitHub/Isaac_Thorvald/install/loki_description/share/loki_description/package.zsh'
[1.891s] Level 1:colcon.colcon_core.environment:create_file_with_runtime_dependencies(/home/cairlab/Documents/GitHub/Isaac_Thorvald/install/loki_description/share/colcon-core/packages/loki_description)
[1.891s] INFO:colcon.colcon_ros.task.ament_cmake.build:Building ROS package in '/home/cairlab/Documents/GitHub/Isaac_Thorvald/thorvald_nvidia/loki/loki_msgs' with build type 'ament_cmake'
[1.892s] INFO:colcon.colcon_cmake.task.cmake.build:Building CMake package in '/home/cairlab/Documents/GitHub/Isaac_Thorvald/thorvald_nvidia/loki/loki_msgs'
[1.905s] INFO:colcon.colcon_core.shell:Skip shell extension 'powershell' for command environment: Not usable outside of PowerShell
[1.905s] DEBUG:colcon.colcon_core.shell:Skip shell extension 'dsv' for command environment
[1.933s] Level 1:colcon.colcon_core.environment:create_environment_scripts_only(rasberry_gazebo)
[1.934s] DEBUG:colcon.colcon_core.event_handler.log_command:Invoked command in '/home/cairlab/Documents/GitHub/Isaac_Thorvald/build/rasberry_gazebo' returned '0': CMAKE_PREFIX_PATH=/opt/ros/humble /usr/bin/cmake --install /home/cairlab/Documents/GitHub/Isaac_Thorvald/build/rasberry_gazebo
[1.947s] Level 1:colcon.colcon_core.environment:checking '/home/cairlab/Documents/GitHub/Isaac_Thorvald/install/rasberry_gazebo' for CMake module files
[1.948s] Level 1:colcon.colcon_core.environment:checking '/home/cairlab/Documents/GitHub/Isaac_Thorvald/install/rasberry_gazebo' for CMake config files
[1.948s] Level 1:colcon.colcon_core.shell:create_environment_hook('rasberry_gazebo', 'cmake_prefix_path')
[1.961s] INFO:colcon.colcon_core.shell:Creating environment hook '/home/cairlab/Documents/GitHub/Isaac_Thorvald/install/rasberry_gazebo/share/rasberry_gazebo/hook/cmake_prefix_path.ps1'
[1.962s] INFO:colcon.colcon_core.shell:Creating environment descriptor '/home/cairlab/Documents/GitHub/Isaac_Thorvald/install/rasberry_gazebo/share/rasberry_gazebo/hook/cmake_prefix_path.dsv'
[1.962s] INFO:colcon.colcon_core.shell:Creating environment hook '/home/cairlab/Documents/GitHub/Isaac_Thorvald/install/rasberry_gazebo/share/rasberry_gazebo/hook/cmake_prefix_path.sh'
[1.962s] Level 1:colcon.colcon_core.environment:checking '/home/cairlab/Documents/GitHub/Isaac_Thorvald/install/rasberry_gazebo/lib'
[1.963s] Level 1:colcon.colcon_core.environment:checking '/home/cairlab/Documents/GitHub/Isaac_Thorvald/install/rasberry_gazebo/bin'
[1.963s] Level 1:colcon.colcon_core.environment:checking '/home/cairlab/Documents/GitHub/Isaac_Thorvald/install/rasberry_gazebo/lib/pkgconfig/rasberry_gazebo.pc'
[1.963s] Level 1:colcon.colcon_core.environment:checking '/home/cairlab/Documents/GitHub/Isaac_Thorvald/install/rasberry_gazebo/lib/python3.10/site-packages'
[1.963s] Level 1:colcon.colcon_core.environment:checking '/home/cairlab/Documents/GitHub/Isaac_Thorvald/install/rasberry_gazebo/bin'
[1.977s] INFO:colcon.colcon_core.shell:Creating package script '/home/cairlab/Documents/GitHub/Isaac_Thorvald/install/rasberry_gazebo/share/rasberry_gazebo/package.ps1'
[1.977s] INFO:colcon.colcon_core.shell:Creating package descriptor '/home/cairlab/Documents/GitHub/Isaac_Thorvald/install/rasberry_gazebo/share/rasberry_gazebo/package.dsv'
[1.978s] INFO:colcon.colcon_core.shell:Creating package script '/home/cairlab/Documents/GitHub/Isaac_Thorvald/install/rasberry_gazebo/share/rasberry_gazebo/package.sh'
[1.978s] INFO:colcon.colcon_core.shell:Creating package script '/home/cairlab/Documents/GitHub/Isaac_Thorvald/install/rasberry_gazebo/share/rasberry_gazebo/package.bash'
[1.978s] INFO:colcon.colcon_core.shell:Creating package script '/home/cairlab/Documents/GitHub/Isaac_Thorvald/install/rasberry_gazebo/share/rasberry_gazebo/package.zsh'
[1.979s] Level 1:colcon.colcon_core.environment:create_file_with_runtime_dependencies(/home/cairlab/Documents/GitHub/Isaac_Thorvald/install/rasberry_gazebo/share/colcon-core/packages/rasberry_gazebo)
[1.993s] Level 1:colcon.colcon_core.environment:create_environment_scripts_only(loki_twist_mux)
[2.007s] Level 1:colcon.colcon_core.environment:checking '/home/cairlab/Documents/GitHub/Isaac_Thorvald/install/loki_twist_mux' for CMake module files
[2.007s] Level 1:colcon.colcon_core.environment:checking '/home/cairlab/Documents/GitHub/Isaac_Thorvald/install/loki_twist_mux' for CMake config files
[2.007s] Level 1:colcon.colcon_core.shell:create_environment_hook('loki_twist_mux', 'cmake_prefix_path')
[2.020s] INFO:colcon.colcon_core.shell:Creating environment hook '/home/cairlab/Documents/GitHub/Isaac_Thorvald/install/loki_twist_mux/share/loki_twist_mux/hook/cmake_prefix_path.ps1'
[2.020s] INFO:colcon.colcon_core.shell:Creating environment descriptor '/home/cairlab/Documents/GitHub/Isaac_Thorvald/install/loki_twist_mux/share/loki_twist_mux/hook/cmake_prefix_path.dsv'
[2.021s] INFO:colcon.colcon_core.shell:Creating environment hook '/home/cairlab/Documents/GitHub/Isaac_Thorvald/install/loki_twist_mux/share/loki_twist_mux/hook/cmake_prefix_path.sh'
[2.021s] Level 1:colcon.colcon_core.environment:checking '/home/cairlab/Documents/GitHub/Isaac_Thorvald/install/loki_twist_mux/bin'
[2.021s] Level 1:colcon.colcon_core.environment:checking '/home/cairlab/Documents/GitHub/Isaac_Thorvald/install/loki_twist_mux/lib/pkgconfig/loki_twist_mux.pc'
[2.021s] Level 1:colcon.colcon_core.environment:checking '/home/cairlab/Documents/GitHub/Isaac_Thorvald/install/loki_twist_mux/lib/python3.10/site-packages'
[2.021s] Level 1:colcon.colcon_core.environment:checking '/home/cairlab/Documents/GitHub/Isaac_Thorvald/install/loki_twist_mux/bin'
[2.034s] INFO:colcon.colcon_core.shell:Creating package script '/home/cairlab/Documents/GitHub/Isaac_Thorvald/install/loki_twist_mux/share/loki_twist_mux/package.ps1'
[2.034s] INFO:colcon.colcon_core.shell:Creating package descriptor '/home/cairlab/Documents/GitHub/Isaac_Thorvald/install/loki_twist_mux/share/loki_twist_mux/package.dsv'
[2.035s] INFO:colcon.colcon_core.shell:Creating package script '/home/cairlab/Documents/GitHub/Isaac_Thorvald/install/loki_twist_mux/share/loki_twist_mux/package.sh'
[2.035s] INFO:colcon.colcon_core.shell:Creating package script '/home/cairlab/Documents/GitHub/Isaac_Thorvald/install/loki_twist_mux/share/loki_twist_mux/package.bash'
[2.035s] INFO:colcon.colcon_core.shell:Creating package script '/home/cairlab/Documents/GitHub/Isaac_Thorvald/install/loki_twist_mux/share/loki_twist_mux/package.zsh'
[2.035s] Level 1:colcon.colcon_core.environment:create_file_with_runtime_dependencies(/home/cairlab/Documents/GitHub/Isaac_Thorvald/install/loki_twist_mux/share/colcon-core/packages/loki_twist_mux)
[2.039s] DEBUG:colcon.colcon_core.event_handler.log_command:Invoking command in '/home/cairlab/Documents/GitHub/Isaac_Thorvald/build/loki_msgs': AMENT_PREFIX_PATH=/home/cairlab/Documents/GitHub/Isaac_Thorvald/install/loki_description:${AMENT_PREFIX_PATH} CMAKE_PREFIX_PATH=/home/cairlab/Documents/GitHub/Isaac_Thorvald/install/loki_description:/opt/ros/humble /usr/bin/cmake --build /home/cairlab/Documents/GitHub/Isaac_Thorvald/build/loki_msgs -- -j12 -l12
[2.053s] Level 1:colcon.colcon_core.environment:create_environment_scripts_only(rasberry_gazebo)
[2.066s] Level 1:colcon.colcon_core.environment:checking '/home/cairlab/Documents/GitHub/Isaac_Thorvald/install/rasberry_gazebo' for CMake module files
[2.067s] Level 1:colcon.colcon_core.environment:checking '/home/cairlab/Documents/GitHub/Isaac_Thorvald/install/rasberry_gazebo' for CMake config files
[2.067s] Level 1:colcon.colcon_core.shell:create_environment_hook('rasberry_gazebo', 'cmake_prefix_path')
[2.081s] INFO:colcon.colcon_core.shell:Creating environment hook '/home/cairlab/Documents/GitHub/Isaac_Thorvald/install/rasberry_gazebo/share/rasberry_gazebo/hook/cmake_prefix_path.ps1'
[2.081s] INFO:colcon.colcon_core.shell:Creating environment descriptor '/home/cairlab/Documents/GitHub/Isaac_Thorvald/install/rasberry_gazebo/share/rasberry_gazebo/hook/cmake_prefix_path.dsv'
[2.082s] INFO:colcon.colcon_core.shell:Creating environment hook '/home/cairlab/Documents/GitHub/Isaac_Thorvald/install/rasberry_gazebo/share/rasberry_gazebo/hook/cmake_prefix_path.sh'
[2.082s] Level 1:colcon.colcon_core.environment:checking '/home/cairlab/Documents/GitHub/Isaac_Thorvald/install/rasberry_gazebo/lib'
[2.082s] Level 1:colcon.colcon_core.environment:checking '/home/cairlab/Documents/GitHub/Isaac_Thorvald/install/rasberry_gazebo/bin'
[2.082s] Level 1:colcon.colcon_core.environment:checking '/home/cairlab/Documents/GitHub/Isaac_Thorvald/install/rasberry_gazebo/lib/pkgconfig/rasberry_gazebo.pc'
[2.082s] Level 1:colcon.colcon_core.environment:checking '/home/cairlab/Documents/GitHub/Isaac_Thorvald/install/rasberry_gazebo/lib/python3.10/site-packages'
[2.083s] Level 1:colcon.colcon_core.environment:checking '/home/cairlab/Documents/GitHub/Isaac_Thorvald/install/rasberry_gazebo/bin'
[2.097s] INFO:colcon.colcon_core.shell:Creating package script '/home/cairlab/Documents/GitHub/Isaac_Thorvald/install/rasberry_gazebo/share/rasberry_gazebo/package.ps1'
[2.098s] INFO:colcon.colcon_core.shell:Creating package descriptor '/home/cairlab/Documents/GitHub/Isaac_Thorvald/install/rasberry_gazebo/share/rasberry_gazebo/package.dsv'
[2.098s] INFO:colcon.colcon_core.shell:Creating package script '/home/cairlab/Documents/GitHub/Isaac_Thorvald/install/rasberry_gazebo/share/rasberry_gazebo/package.sh'
[2.099s] INFO:colcon.colcon_core.shell:Creating package script '/home/cairlab/Documents/GitHub/Isaac_Thorvald/install/rasberry_gazebo/share/rasberry_gazebo/package.bash'
[2.099s] INFO:colcon.colcon_core.shell:Creating package script '/home/cairlab/Documents/GitHub/Isaac_Thorvald/install/rasberry_gazebo/share/rasberry_gazebo/package.zsh'
[2.099s] Level 1:colcon.colcon_core.environment:create_file_with_runtime_dependencies(/home/cairlab/Documents/GitHub/Isaac_Thorvald/install/rasberry_gazebo/share/colcon-core/packages/rasberry_gazebo)
[2.206s] DEBUG:colcon.colcon_core.event_handler.log_command:Invoking command in '/home/cairlab/Documents/GitHub/Isaac_Thorvald/thorvald_nvidia/loki/loki_teleop': PYTHONPATH=/home/cairlab/Documents/GitHub/Isaac_Thorvald/build/loki_teleop/prefix_override:/home/cairlab/Documents/GitHub/Isaac_Thorvald/install/loki_teleop/lib/python3.10/site-packages:${PYTHONPATH} /usr/bin/python3 setup.py egg_info --egg-base ../../../build/loki_teleop build --build-base /home/cairlab/Documents/GitHub/Isaac_Thorvald/build/loki_teleop/build install --record /home/cairlab/Documents/GitHub/Isaac_Thorvald/build/loki_teleop/install.log --single-version-externally-managed
[2.430s] DEBUG:colcon.colcon_core.event_handler.log_command:Invoked command in '/home/cairlab/Documents/GitHub/Isaac_Thorvald/build/loki_msgs' returned '0': AMENT_PREFIX_PATH=/home/cairlab/Documents/GitHub/Isaac_Thorvald/install/loki_description:${AMENT_PREFIX_PATH} CMAKE_PREFIX_PATH=/home/cairlab/Documents/GitHub/Isaac_Thorvald/install/loki_description:/opt/ros/humble /usr/bin/cmake --build /home/cairlab/Documents/GitHub/Isaac_Thorvald/build/loki_msgs -- -j12 -l12
[2.668s] DEBUG:colcon.colcon_core.event_handler.log_command:Invoked command in '/home/cairlab/Documents/GitHub/Isaac_Thorvald/thorvald_nvidia/loki/loki_teleop' returned '0': PYTHONPATH=/home/cairlab/Documents/GitHub/Isaac_Thorvald/build/loki_teleop/prefix_override:/home/cairlab/Documents/GitHub/Isaac_Thorvald/install/loki_teleop/lib/python3.10/site-packages:${PYTHONPATH} /usr/bin/python3 setup.py egg_info --egg-base ../../../build/loki_teleop build --build-base /home/cairlab/Documents/GitHub/Isaac_Thorvald/build/loki_teleop/build install --record /home/cairlab/Documents/GitHub/Isaac_Thorvald/build/loki_teleop/install.log --single-version-externally-managed
[2.682s] Level 1:colcon.colcon_core.environment:checking '/home/cairlab/Documents/GitHub/Isaac_Thorvald/install/loki_teleop' for CMake module files
[2.682s] Level 1:colcon.colcon_core.environment:checking '/home/cairlab/Documents/GitHub/Isaac_Thorvald/install/loki_teleop' for CMake config files
[2.683s] Level 1:colcon.colcon_core.environment:checking '/home/cairlab/Documents/GitHub/Isaac_Thorvald/install/loki_teleop/lib'
[2.683s] Level 1:colcon.colcon_core.environment:checking '/home/cairlab/Documents/GitHub/Isaac_Thorvald/install/loki_teleop/bin'
[2.683s] Level 1:colcon.colcon_core.environment:checking '/home/cairlab/Documents/GitHub/Isaac_Thorvald/install/loki_teleop/lib/pkgconfig/loki_teleop.pc'
[2.683s] Level 1:colcon.colcon_core.environment:checking '/home/cairlab/Documents/GitHub/Isaac_Thorvald/install/loki_teleop/lib/python3.10/site-packages'
[2.683s] Level 1:colcon.colcon_core.shell:create_environment_hook('loki_teleop', 'pythonpath')
[2.697s] INFO:colcon.colcon_core.shell:Creating environment hook '/home/cairlab/Documents/GitHub/Isaac_Thorvald/install/loki_teleop/share/loki_teleop/hook/pythonpath.ps1'
[2.697s] INFO:colcon.colcon_core.shell:Creating environment descriptor '/home/cairlab/Documents/GitHub/Isaac_Thorvald/install/loki_teleop/share/loki_teleop/hook/pythonpath.dsv'
[2.698s] INFO:colcon.colcon_core.shell:Creating environment hook '/home/cairlab/Documents/GitHub/Isaac_Thorvald/install/loki_teleop/share/loki_teleop/hook/pythonpath.sh'
[2.698s] Level 1:colcon.colcon_core.environment:checking '/home/cairlab/Documents/GitHub/Isaac_Thorvald/install/loki_teleop/bin'
[2.698s] Level 1:colcon.colcon_core.environment:create_environment_scripts_only(loki_teleop)
[2.712s] INFO:colcon.colcon_core.shell:Creating package script '/home/cairlab/Documents/GitHub/Isaac_Thorvald/install/loki_teleop/share/loki_teleop/package.ps1'
[2.713s] INFO:colcon.colcon_core.shell:Creating package descriptor '/home/cairlab/Documents/GitHub/Isaac_Thorvald/install/loki_teleop/share/loki_teleop/package.dsv'
[2.713s] INFO:colcon.colcon_core.shell:Creating package script '/home/cairlab/Documents/GitHub/Isaac_Thorvald/install/loki_teleop/share/loki_teleop/package.sh'
[2.713s] INFO:colcon.colcon_core.shell:Creating package script '/home/cairlab/Documents/GitHub/Isaac_Thorvald/install/loki_teleop/share/loki_teleop/package.bash'
[2.713s] INFO:colcon.colcon_core.shell:Creating package script '/home/cairlab/Documents/GitHub/Isaac_Thorvald/install/loki_teleop/share/loki_teleop/package.zsh'
[2.714s] Level 1:colcon.colcon_core.environment:create_file_with_runtime_dependencies(/home/cairlab/Documents/GitHub/Isaac_Thorvald/install/loki_teleop/share/colcon-core/packages/loki_teleop)
[3.103s] DEBUG:colcon.colcon_core.event_handler.log_command:Invoking command in '/home/cairlab/Documents/GitHub/Isaac_Thorvald/build/loki_msgs': AMENT_PREFIX_PATH=/home/cairlab/Documents/GitHub/Isaac_Thorvald/install/loki_description:${AMENT_PREFIX_PATH} CMAKE_PREFIX_PATH=/home/cairlab/Documents/GitHub/Isaac_Thorvald/install/loki_description:/opt/ros/humble /usr/bin/cmake --install /home/cairlab/Documents/GitHub/Isaac_Thorvald/build/loki_msgs
[3.178s] Level 1:colcon.colcon_core.environment:create_environment_scripts_only(loki_msgs)
[3.178s] DEBUG:colcon.colcon_core.event_handler.log_command:Invoked command in '/home/cairlab/Documents/GitHub/Isaac_Thorvald/build/loki_msgs' returned '0': AMENT_PREFIX_PATH=/home/cairlab/Documents/GitHub/Isaac_Thorvald/install/loki_description:${AMENT_PREFIX_PATH} CMAKE_PREFIX_PATH=/home/cairlab/Documents/GitHub/Isaac_Thorvald/install/loki_description:/opt/ros/humble /usr/bin/cmake --install /home/cairlab/Documents/GitHub/Isaac_Thorvald/build/loki_msgs
[3.191s] Level 1:colcon.colcon_core.environment:checking '/home/cairlab/Documents/GitHub/Isaac_Thorvald/install/loki_msgs' for CMake module files
[3.191s] Level 1:colcon.colcon_core.environment:checking '/home/cairlab/Documents/GitHub/Isaac_Thorvald/install/loki_msgs' for CMake config files
[3.193s] Level 1:colcon.colcon_core.shell:create_environment_hook('loki_msgs', 'cmake_prefix_path')
[3.206s] INFO:colcon.colcon_core.shell:Creating environment hook '/home/cairlab/Documents/GitHub/Isaac_Thorvald/install/loki_msgs/share/loki_msgs/hook/cmake_prefix_path.ps1'
[3.206s] INFO:colcon.colcon_core.shell:Creating environment descriptor '/home/cairlab/Documents/GitHub/Isaac_Thorvald/install/loki_msgs/share/loki_msgs/hook/cmake_prefix_path.dsv'
[3.207s] INFO:colcon.colcon_core.shell:Creating environment hook '/home/cairlab/Documents/GitHub/Isaac_Thorvald/install/loki_msgs/share/loki_msgs/hook/cmake_prefix_path.sh'
[3.207s] Level 1:colcon.colcon_core.environment:checking '/home/cairlab/Documents/GitHub/Isaac_Thorvald/install/loki_msgs/lib'
[3.207s] Level 1:colcon.colcon_core.shell:create_environment_hook('loki_msgs', 'ld_library_path_lib')
[3.221s] INFO:colcon.colcon_core.shell:Creating environment hook '/home/cairlab/Documents/GitHub/Isaac_Thorvald/install/loki_msgs/share/loki_msgs/hook/ld_library_path_lib.ps1'
[3.222s] INFO:colcon.colcon_core.shell:Creating environment descriptor '/home/cairlab/Documents/GitHub/Isaac_Thorvald/install/loki_msgs/share/loki_msgs/hook/ld_library_path_lib.dsv'
[3.222s] INFO:colcon.colcon_core.shell:Creating environment hook '/home/cairlab/Documents/GitHub/Isaac_Thorvald/install/loki_msgs/share/loki_msgs/hook/ld_library_path_lib.sh'
[3.222s] Level 1:colcon.colcon_core.environment:checking '/home/cairlab/Documents/GitHub/Isaac_Thorvald/install/loki_msgs/bin'
[3.222s] Level 1:colcon.colcon_core.environment:checking '/home/cairlab/Documents/GitHub/Isaac_Thorvald/install/loki_msgs/lib/pkgconfig/loki_msgs.pc'
[3.222s] Level 1:colcon.colcon_core.environment:checking '/home/cairlab/Documents/GitHub/Isaac_Thorvald/install/loki_msgs/lib/python3.10/site-packages'
[3.223s] Level 1:colcon.colcon_core.environment:checking '/home/cairlab/Documents/GitHub/Isaac_Thorvald/install/loki_msgs/bin'
[3.236s] INFO:colcon.colcon_core.shell:Creating package script '/home/cairlab/Documents/GitHub/Isaac_Thorvald/install/loki_msgs/share/loki_msgs/package.ps1'
[3.236s] INFO:colcon.colcon_core.shell:Creating package descriptor '/home/cairlab/Documents/GitHub/Isaac_Thorvald/install/loki_msgs/share/loki_msgs/package.dsv'
[3.236s] INFO:colcon.colcon_core.shell:Creating package script '/home/cairlab/Documents/GitHub/Isaac_Thorvald/install/loki_msgs/share/loki_msgs/package.sh'
[3.237s] INFO:colcon.colcon_core.shell:Creating package script '/home/cairlab/Documents/GitHub/Isaac_Thorvald/install/loki_msgs/share/loki_msgs/package.bash'
[3.237s] INFO:colcon.colcon_core.shell:Creating package script '/home/cairlab/Documents/GitHub/Isaac_Thorvald/install/loki_msgs/share/loki_msgs/package.zsh'
[3.237s] Level 1:colcon.colcon_core.environment:create_file_with_runtime_dependencies(/home/cairlab/Documents/GitHub/Isaac_Thorvald/install/loki_msgs/share/colcon-core/packages/loki_msgs)
[3.937s] Level 1:colcon.colcon_core.environment:create_environment_scripts_only(loki_msgs)
[3.950s] Level 1:colcon.colcon_core.environment:checking '/home/cairlab/Documents/GitHub/Isaac_Thorvald/install/loki_msgs' for CMake module files
[3.951s] Level 1:colcon.colcon_core.environment:checking '/home/cairlab/Documents/GitHub/Isaac_Thorvald/install/loki_msgs' for CMake config files
[3.951s] Level 1:colcon.colcon_core.shell:create_environment_hook('loki_msgs', 'cmake_prefix_path')
[3.965s] INFO:colcon.colcon_core.shell:Creating environment hook '/home/cairlab/Documents/GitHub/Isaac_Thorvald/install/loki_msgs/share/loki_msgs/hook/cmake_prefix_path.ps1'
[3.965s] INFO:colcon.colcon_core.shell:Creating environment descriptor '/home/cairlab/Documents/GitHub/Isaac_Thorvald/install/loki_msgs/share/loki_msgs/hook/cmake_prefix_path.dsv'
[3.965s] INFO:colcon.colcon_core.shell:Creating environment hook '/home/cairlab/Documents/GitHub/Isaac_Thorvald/install/loki_msgs/share/loki_msgs/hook/cmake_prefix_path.sh'
[3.965s] Level 1:colcon.colcon_core.environment:checking '/home/cairlab/Documents/GitHub/Isaac_Thorvald/install/loki_msgs/lib'
[3.966s] Level 1:colcon.colcon_core.shell:create_environment_hook('loki_msgs', 'ld_library_path_lib')
[3.978s] INFO:colcon.colcon_core.shell:Creating environment hook '/home/cairlab/Documents/GitHub/Isaac_Thorvald/install/loki_msgs/share/loki_msgs/hook/ld_library_path_lib.ps1'
[3.979s] INFO:colcon.colcon_core.shell:Creating environment descriptor '/home/cairlab/Documents/GitHub/Isaac_Thorvald/install/loki_msgs/share/loki_msgs/hook/ld_library_path_lib.dsv'
[3.979s] INFO:colcon.colcon_core.shell:Creating environment hook '/home/cairlab/Documents/GitHub/Isaac_Thorvald/install/loki_msgs/share/loki_msgs/hook/ld_library_path_lib.sh'
[3.979s] Level 1:colcon.colcon_core.environment:checking '/home/cairlab/Documents/GitHub/Isaac_Thorvald/install/loki_msgs/bin'
[3.979s] Level 1:colcon.colcon_core.environment:checking '/home/cairlab/Documents/GitHub/Isaac_Thorvald/install/loki_msgs/lib/pkgconfig/loki_msgs.pc'
[3.979s] Level 1:colcon.colcon_core.environment:checking '/home/cairlab/Documents/GitHub/Isaac_Thorvald/install/loki_msgs/lib/python3.10/site-packages'
[3.980s] Level 1:colcon.colcon_core.environment:checking '/home/cairlab/Documents/GitHub/Isaac_Thorvald/install/loki_msgs/bin'
[3.992s] INFO:colcon.colcon_core.shell:Creating package script '/home/cairlab/Documents/GitHub/Isaac_Thorvald/install/loki_msgs/share/loki_msgs/package.ps1'
[3.993s] INFO:colcon.colcon_core.shell:Creating package descriptor '/home/cairlab/Documents/GitHub/Isaac_Thorvald/install/loki_msgs/share/loki_msgs/package.dsv'
[3.993s] INFO:colcon.colcon_core.shell:Creating package script '/home/cairlab/Documents/GitHub/Isaac_Thorvald/install/loki_msgs/share/loki_msgs/package.sh'
[3.993s] INFO:colcon.colcon_core.shell:Creating package script '/home/cairlab/Documents/GitHub/Isaac_Thorvald/install/loki_msgs/share/loki_msgs/package.bash'
[3.994s] INFO:colcon.colcon_core.shell:Creating package script '/home/cairlab/Documents/GitHub/Isaac_Thorvald/install/loki_msgs/share/loki_msgs/package.zsh'
[3.994s] Level 1:colcon.colcon_core.environment:create_file_with_runtime_dependencies(/home/cairlab/Documents/GitHub/Isaac_Thorvald/install/loki_msgs/share/colcon-core/packages/loki_msgs)
[3.994s] INFO:colcon.colcon_ros.task.ament_cmake.build:Building ROS package in '/home/cairlab/Documents/GitHub/Isaac_Thorvald/thorvald_nvidia/loki/loki_can_devices' with build type 'ament_cmake'
[3.994s] INFO:colcon.colcon_cmake.task.cmake.build:Building CMake package in '/home/cairlab/Documents/GitHub/Isaac_Thorvald/thorvald_nvidia/loki/loki_can_devices'
[4.008s] INFO:colcon.colcon_core.shell:Skip shell extension 'powershell' for command environment: Not usable outside of PowerShell
[4.008s] DEBUG:colcon.colcon_core.shell:Skip shell extension 'dsv' for command environment
[4.044s] DEBUG:colcon.colcon_core.event_handler.log_command:Invoking command in '/home/cairlab/Documents/GitHub/Isaac_Thorvald/build/loki_can_devices': AMENT_PREFIX_PATH=/home/cairlab/Documents/GitHub/Isaac_Thorvald/install/loki_msgs:/home/cairlab/Documents/GitHub/Isaac_Thorvald/install/loki_description:${AMENT_PREFIX_PATH} CMAKE_PREFIX_PATH=/home/cairlab/Documents/GitHub/Isaac_Thorvald/install/loki_msgs:/home/cairlab/Documents/GitHub/Isaac_Thorvald/install/loki_description:/opt/ros/humble LD_LIBRARY_PATH=/home/cairlab/Documents/GitHub/Isaac_Thorvald/install/loki_msgs/lib:${LD_LIBRARY_PATH} PYTHONPATH=/home/cairlab/Documents/GitHub/Isaac_Thorvald/install/loki_msgs/local/lib/python3.10/dist-packages:${PYTHONPATH} /usr/bin/cmake --build /home/cairlab/Documents/GitHub/Isaac_Thorvald/build/loki_can_devices -- -j12 -l12
[32.668s] DEBUG:colcon.colcon_core.event_handler.log_command:Invoked command in '/home/cairlab/Documents/GitHub/Isaac_Thorvald/build/loki_can_devices' returned '2': AMENT_PREFIX_PATH=/home/cairlab/Documents/GitHub/Isaac_Thorvald/install/loki_msgs:/home/cairlab/Documents/GitHub/Isaac_Thorvald/install/loki_description:${AMENT_PREFIX_PATH} CMAKE_PREFIX_PATH=/home/cairlab/Documents/GitHub/Isaac_Thorvald/install/loki_msgs:/home/cairlab/Documents/GitHub/Isaac_Thorvald/install/loki_description:/opt/ros/humble LD_LIBRARY_PATH=/home/cairlab/Documents/GitHub/Isaac_Thorvald/install/loki_msgs/lib:${LD_LIBRARY_PATH} PYTHONPATH=/home/cairlab/Documents/GitHub/Isaac_Thorvald/install/loki_msgs/local/lib/python3.10/dist-packages:${PYTHONPATH} /usr/bin/cmake --build /home/cairlab/Documents/GitHub/Isaac_Thorvald/build/loki_can_devices -- -j12 -l12
[32.726s] Level 1:colcon.colcon_core.environment:create_environment_scripts_only(loki_can_devices)
[32.740s] Level 1:colcon.colcon_core.environment:checking '/home/cairlab/Documents/GitHub/Isaac_Thorvald/install/loki_can_devices' for CMake module files
[32.740s] Level 1:colcon.colcon_core.environment:checking '/home/cairlab/Documents/GitHub/Isaac_Thorvald/install/loki_can_devices' for CMake config files
[32.740s] Level 1:colcon.colcon_core.environment:checking '/home/cairlab/Documents/GitHub/Isaac_Thorvald/install/loki_can_devices/bin'
[32.740s] Level 1:colcon.colcon_core.environment:checking '/home/cairlab/Documents/GitHub/Isaac_Thorvald/install/loki_can_devices/lib/pkgconfig/loki_can_devices.pc'
[32.740s] Level 1:colcon.colcon_core.environment:checking '/home/cairlab/Documents/GitHub/Isaac_Thorvald/install/loki_can_devices/lib/python3.10/site-packages'
[32.741s] Level 1:colcon.colcon_core.environment:checking '/home/cairlab/Documents/GitHub/Isaac_Thorvald/install/loki_can_devices/bin'
[32.754s] INFO:colcon.colcon_core.shell:Creating package script '/home/cairlab/Documents/GitHub/Isaac_Thorvald/install/loki_can_devices/share/loki_can_devices/package.ps1'
[32.755s] INFO:colcon.colcon_core.shell:Creating package descriptor '/home/cairlab/Documents/GitHub/Isaac_Thorvald/install/loki_can_devices/share/loki_can_devices/package.dsv'
[32.755s] INFO:colcon.colcon_core.shell:Creating package script '/home/cairlab/Documents/GitHub/Isaac_Thorvald/install/loki_can_devices/share/loki_can_devices/package.sh'
[32.755s] INFO:colcon.colcon_core.shell:Creating package script '/home/cairlab/Documents/GitHub/Isaac_Thorvald/install/loki_can_devices/share/loki_can_devices/package.bash'
[32.756s] INFO:colcon.colcon_core.shell:Creating package script '/home/cairlab/Documents/GitHub/Isaac_Thorvald/install/loki_can_devices/share/loki_can_devices/package.zsh'
[32.756s] Level 1:colcon.colcon_core.environment:create_file_with_runtime_dependencies(/home/cairlab/Documents/GitHub/Isaac_Thorvald/install/loki_can_devices/share/colcon-core/packages/loki_can_devices)
[32.766s] DEBUG:colcon.colcon_parallel_executor.executor.parallel:closing loop
[32.767s] DEBUG:colcon.colcon_parallel_executor.executor.parallel:loop closed
[32.767s] DEBUG:colcon.colcon_parallel_executor.executor.parallel:run_until_complete finished with '2'
[32.767s] DEBUG:colcon.colcon_core.event_reactor:joining thread
[32.787s] INFO:colcon.colcon_core.plugin_system:Skipping extension 'colcon_notification.desktop_notification.terminal_notifier': Not used on non-Darwin systems
[32.787s] INFO:colcon.colcon_core.plugin_system:Skipping extension 'colcon_notification.desktop_notification.win32': Not used on non-Windows systems
[32.787s] INFO:colcon.colcon_notification.desktop_notification:Sending desktop notification using 'notify2'
[32.797s] DEBUG:colcon.colcon_core.event_reactor:joined thread
[32.814s] INFO:colcon.colcon_core.shell:Creating prefix script '/home/cairlab/Documents/GitHub/Isaac_Thorvald/install/local_setup.ps1'
[32.815s] INFO:colcon.colcon_core.shell:Creating prefix util module '/home/cairlab/Documents/GitHub/Isaac_Thorvald/install/_local_setup_util_ps1.py'
[32.818s] INFO:colcon.colcon_core.shell:Creating prefix chain script '/home/cairlab/Documents/GitHub/Isaac_Thorvald/install/setup.ps1'
[32.833s] INFO:colcon.colcon_core.shell:Creating prefix script '/home/cairlab/Documents/GitHub/Isaac_Thorvald/install/local_setup.sh'
[32.834s] INFO:colcon.colcon_core.shell:Creating prefix util module '/home/cairlab/Documents/GitHub/Isaac_Thorvald/install/_local_setup_util_sh.py'
[32.834s] INFO:colcon.colcon_core.shell:Creating prefix chain script '/home/cairlab/Documents/GitHub/Isaac_Thorvald/install/setup.sh'
[32.847s] INFO:colcon.colcon_core.shell:Creating prefix script '/home/cairlab/Documents/GitHub/Isaac_Thorvald/install/local_setup.bash'
[32.848s] INFO:colcon.colcon_core.shell:Creating prefix chain script '/home/cairlab/Documents/GitHub/Isaac_Thorvald/install/setup.bash'
[32.861s] INFO:colcon.colcon_core.shell:Creating prefix script '/home/cairlab/Documents/GitHub/Isaac_Thorvald/install/local_setup.zsh'
[32.862s] INFO:colcon.colcon_core.shell:Creating prefix chain script '/home/cairlab/Documents/GitHub/Isaac_Thorvald/install/setup.zsh'
