-- Install configuration: ""
-- Up-to-date: /home/cairlab/Documents/GitHub/Isaac_Thorvald/install/loki_twist_mux/share/loki_twist_mux/launch
-- Up-to-date: /home/cairlab/Documents/GitHub/Isaac_Thorvald/install/loki_twist_mux/share/loki_twist_mux/launch/twist_mux.launch
-- Up-to-date: /home/cairlab/Documents/GitHub/Isaac_Thorvald/install/loki_twist_mux/share/loki_twist_mux/config
-- Installing: /home/cairlab/Documents/GitHub/Isaac_Thorvald/install/loki_twist_mux/share/loki_twist_mux/config/twist_mux_locks.yaml
-- Installing: /home/cairlab/Documents/GitHub/Isaac_Thorvald/install/loki_twist_mux/share/loki_twist_mux/config/twist_mux_topics.yaml
-- Up-to-date: /home/cairlab/Documents/GitHub/Isaac_Thorvald/install/loki_twist_mux/share/ament_index/resource_index/package_run_dependencies/loki_twist_mux
-- Up-to-date: /home/cairlab/Documents/GitHub/Isaac_Thorvald/install/loki_twist_mux/share/ament_index/resource_index/parent_prefix_path/loki_twist_mux
-- Up-to-date: /home/cairlab/Documents/GitHub/Isaac_Thorvald/install/loki_twist_mux/share/loki_twist_mux/environment/ament_prefix_path.sh
-- Up-to-date: /home/cairlab/Documents/GitHub/Isaac_Thorvald/install/loki_twist_mux/share/loki_twist_mux/environment/ament_prefix_path.dsv
-- Up-to-date: /home/cairlab/Documents/GitHub/Isaac_Thorvald/install/loki_twist_mux/share/loki_twist_mux/environment/path.sh
-- Up-to-date: /home/cairlab/Documents/GitHub/Isaac_Thorvald/install/loki_twist_mux/share/loki_twist_mux/environment/path.dsv
-- Up-to-date: /home/cairlab/Documents/GitHub/Isaac_Thorvald/install/loki_twist_mux/share/loki_twist_mux/local_setup.bash
-- Up-to-date: /home/cairlab/Documents/GitHub/Isaac_Thorvald/install/loki_twist_mux/share/loki_twist_mux/local_setup.sh
-- Up-to-date: /home/cairlab/Documents/GitHub/Isaac_Thorvald/install/loki_twist_mux/share/loki_twist_mux/local_setup.zsh
-- Up-to-date: /home/cairlab/Documents/GitHub/Isaac_Thorvald/install/loki_twist_mux/share/loki_twist_mux/local_setup.dsv
-- Installing: /home/cairlab/Documents/GitHub/Isaac_Thorvald/install/loki_twist_mux/share/loki_twist_mux/package.dsv
-- Up-to-date: /home/cairlab/Documents/GitHub/Isaac_Thorvald/install/loki_twist_mux/share/ament_index/resource_index/packages/loki_twist_mux
-- Up-to-date: /home/cairlab/Documents/GitHub/Isaac_Thorvald/install/loki_twist_mux/share/loki_twist_mux/cmake/loki_twist_muxConfig.cmake
-- Up-to-date: /home/cairlab/Documents/GitHub/Isaac_Thorvald/install/loki_twist_mux/share/loki_twist_mux/cmake/loki_twist_muxConfig-version.cmake
-- Up-to-date: /home/cairlab/Documents/GitHub/Isaac_Thorvald/install/loki_twist_mux/share/loki_twist_mux/package.xml
