[0.952s] Invoking command in '/home/cairlab/Documents/GitHub/Isaac_Thorvald/thorvald_nvidia/loki/loki_teleop': PYTHONPATH=/home/cairlab/Documents/GitHub/Isaac_Thorvald/build/loki_teleop/prefix_override:/home/cairlab/Documents/GitHub/Isaac_Thorvald/install/loki_teleop/lib/python3.10/site-packages:${PYTHONPATH} /usr/bin/python3 setup.py egg_info --egg-base ../../../build/loki_teleop build --build-base /home/cairlab/Documents/GitHub/Isaac_Thorvald/build/loki_teleop/build install --record /home/cairlab/Documents/GitHub/Isaac_Thorvald/build/loki_teleop/install.log --single-version-externally-managed
[1.198s] running egg_info
[1.198s] creating ../../../build/loki_teleop/loki_teleop.egg-info
[1.220s] writing ../../../build/loki_teleop/loki_teleop.egg-info/PKG-INFO
[1.220s] writing dependency_links to ../../../build/loki_teleop/loki_teleop.egg-info/dependency_links.txt
[1.221s] writing entry points to ../../../build/loki_teleop/loki_teleop.egg-info/entry_points.txt
[1.221s] writing requirements to ../../../build/loki_teleop/loki_teleop.egg-info/requires.txt
[1.221s] writing top-level names to ../../../build/loki_teleop/loki_teleop.egg-info/top_level.txt
[1.221s] writing manifest file '../../../build/loki_teleop/loki_teleop.egg-info/SOURCES.txt'
[1.251s] reading manifest file '../../../build/loki_teleop/loki_teleop.egg-info/SOURCES.txt'
[1.252s] writing manifest file '../../../build/loki_teleop/loki_teleop.egg-info/SOURCES.txt'
[1.252s] running build
[1.252s] running build_py
[1.252s] creating /home/cairlab/Documents/GitHub/Isaac_Thorvald/build/loki_teleop/build
[1.252s] creating /home/cairlab/Documents/GitHub/Isaac_Thorvald/build/loki_teleop/build/lib
[1.252s] creating /home/cairlab/Documents/GitHub/Isaac_Thorvald/build/loki_teleop/build/lib/loki_teleop
[1.252s] copying loki_teleop/teleop_node.py -> /home/cairlab/Documents/GitHub/Isaac_Thorvald/build/loki_teleop/build/lib/loki_teleop
[1.252s] copying loki_teleop/__init__.py -> /home/cairlab/Documents/GitHub/Isaac_Thorvald/build/loki_teleop/build/lib/loki_teleop
[1.253s] running install
[1.253s] /home/cairlab/.local/lib/python3.10/site-packages/setuptools/_distutils/cmd.py:66: SetuptoolsDeprecationWarning: setup.py install is deprecated.
[1.253s] !!
[1.253s] 
[1.253s]         ********************************************************************************
[1.253s]         Please avoid running ``setup.py`` directly.
[1.253s]         Instead, use pypa/build, pypa/installer or other
[1.253s]         standards-based tools.
[1.253s] 
[1.253s]         See https://blog.ganssle.io/articles/2021/10/setup-py-deprecated.html for details.
[1.254s]         ********************************************************************************
[1.254s] 
[1.254s] !!
[1.254s]   self.initialize_options()
[1.258s] running install_lib
[1.275s] creating /home/cairlab/Documents/GitHub/Isaac_Thorvald/install/loki_teleop/lib/python3.10/site-packages/loki_teleop
[1.275s] copying /home/cairlab/Documents/GitHub/Isaac_Thorvald/build/loki_teleop/build/lib/loki_teleop/teleop_node.py -> /home/cairlab/Documents/GitHub/Isaac_Thorvald/install/loki_teleop/lib/python3.10/site-packages/loki_teleop
[1.276s] copying /home/cairlab/Documents/GitHub/Isaac_Thorvald/build/loki_teleop/build/lib/loki_teleop/__init__.py -> /home/cairlab/Documents/GitHub/Isaac_Thorvald/install/loki_teleop/lib/python3.10/site-packages/loki_teleop
[1.276s] byte-compiling /home/cairlab/Documents/GitHub/Isaac_Thorvald/install/loki_teleop/lib/python3.10/site-packages/loki_teleop/teleop_node.py to teleop_node.cpython-310.pyc
[1.278s] byte-compiling /home/cairlab/Documents/GitHub/Isaac_Thorvald/install/loki_teleop/lib/python3.10/site-packages/loki_teleop/__init__.py to __init__.cpython-310.pyc
[1.279s] running install_data
[1.292s] creating /home/cairlab/Documents/GitHub/Isaac_Thorvald/install/loki_teleop/share/ament_index
[1.293s] creating /home/cairlab/Documents/GitHub/Isaac_Thorvald/install/loki_teleop/share/ament_index/resource_index
[1.293s] creating /home/cairlab/Documents/GitHub/Isaac_Thorvald/install/loki_teleop/share/ament_index/resource_index/packages
[1.293s] copying resource/loki_teleop -> /home/cairlab/Documents/GitHub/Isaac_Thorvald/install/loki_teleop/share/ament_index/resource_index/packages
[1.293s] copying package.xml -> /home/cairlab/Documents/GitHub/Isaac_Thorvald/install/loki_teleop/share/loki_teleop
[1.293s] creating /home/cairlab/Documents/GitHub/Isaac_Thorvald/install/loki_teleop/share/loki_teleop/launch
[1.293s] copying launch/teleop_xbox.launch -> /home/cairlab/Documents/GitHub/Isaac_Thorvald/install/loki_teleop/share/loki_teleop/launch
[1.293s] copying launch/teleop.launch -> /home/cairlab/Documents/GitHub/Isaac_Thorvald/install/loki_teleop/share/loki_teleop/launch
[1.293s] running install_egg_info
[1.307s] Copying ../../../build/loki_teleop/loki_teleop.egg-info to /home/cairlab/Documents/GitHub/Isaac_Thorvald/install/loki_teleop/lib/python3.10/site-packages/loki_teleop-2.0.0-py3.10.egg-info
[1.308s] running install_scripts
[1.452s] Installing teleop_node script to /home/cairlab/Documents/GitHub/Isaac_Thorvald/install/loki_teleop/lib/loki_teleop
[1.453s] writing list of installed files to '/home/cairlab/Documents/GitHub/Isaac_Thorvald/build/loki_teleop/install.log'
[1.481s] Invoked command in '/home/cairlab/Documents/GitHub/Isaac_Thorvald/thorvald_nvidia/loki/loki_teleop' returned '0': PYTHONPATH=/home/cairlab/Documents/GitHub/Isaac_Thorvald/build/loki_teleop/prefix_override:/home/cairlab/Documents/GitHub/Isaac_Thorvald/install/loki_teleop/lib/python3.10/site-packages:${PYTHONPATH} /usr/bin/python3 setup.py egg_info --egg-base ../../../build/loki_teleop build --build-base /home/cairlab/Documents/GitHub/Isaac_Thorvald/build/loki_teleop/build install --record /home/cairlab/Documents/GitHub/Isaac_Thorvald/build/loki_teleop/install.log --single-version-externally-managed
