[0.288s] Invoking command in '/home/cairlab/Documents/GitHub/Isaac_Thorvald/build/loki_twist_mux': CMAKE_PREFIX_PATH=/opt/ros/humble /usr/bin/cmake /home/cairlab/Documents/GitHub/Isaac_Thorvald/thorvald_nvidia/loki/loki_twist_mux -DCMAKE_INSTALL_PREFIX=/home/cairlab/Documents/GitHub/Isaac_Thorvald/install/loki_twist_mux
[0.338s] -- The C compiler identification is GNU 11.4.0
[0.385s] -- The CXX compiler identification is GNU 11.4.0
[0.393s] -- Detecting C compiler ABI info
[0.455s] -- Detecting C compiler ABI info - done
[0.466s] -- Check for working C compiler: /usr/bin/cc - skipped
[0.466s] -- Detecting C compile features
[0.467s] -- Detecting C compile features - done
[0.470s] -- Detecting CXX compiler ABI info
[0.539s] -- Detecting CXX compiler ABI info - done
[0.547s] -- Check for working CXX compiler: /usr/bin/c++ - skipped
[0.547s] -- Detecting CXX compile features
[0.547s] -- Detecting CXX compile features - done
[0.549s] -- Found ament_cmake: 1.3.5 (/opt/ros/humble/share/ament_cmake/cmake)
[0.871s] -- Found Python3: /usr/bin/python3.10 (found version "3.10.12") found components: Interpreter 
[0.948s] -- Found rclcpp: 16.0.6 (/opt/ros/humble/share/rclcpp/cmake)
[0.988s] -- Found rosidl_generator_c: 3.1.5 (/opt/ros/humble/share/rosidl_generator_c/cmake)
[0.992s] -- Found rosidl_adapter: 3.1.5 (/opt/ros/humble/share/rosidl_adapter/cmake)
[1.000s] -- Found rosidl_generator_cpp: 3.1.5 (/opt/ros/humble/share/rosidl_generator_cpp/cmake)
[1.016s] -- Using all available rosidl_typesupport_c: rosidl_typesupport_fastrtps_c;rosidl_typesupport_introspection_c
[1.034s] -- Using all available rosidl_typesupport_cpp: rosidl_typesupport_fastrtps_cpp;rosidl_typesupport_introspection_cpp
[1.119s] -- Found rmw_implementation_cmake: 6.1.1 (/opt/ros/humble/share/rmw_implementation_cmake/cmake)
[1.124s] -- Found rmw_fastrtps_cpp: 6.2.4 (/opt/ros/humble/share/rmw_fastrtps_cpp/cmake)
[1.227s] -- Found OpenSSL: /usr/lib/x86_64-linux-gnu/libcrypto.so (found version "3.0.2")  
[1.253s] -- Found FastRTPS: /opt/ros/humble/include  
[1.294s] -- Using RMW implementation 'rmw_fastrtps_cpp' as default
[1.304s] -- Looking for pthread.h
[1.375s] -- Looking for pthread.h - found
[1.375s] -- Performing Test CMAKE_HAVE_LIBC_PTHREAD
[1.440s] -- Performing Test CMAKE_HAVE_LIBC_PTHREAD - Success
[1.441s] -- Found Threads: TRUE  
[1.597s] -- Found rclpy: 3.3.10 (/opt/ros/humble/share/rclpy/cmake)
[1.598s] -- Found geometry_msgs: 4.2.3 (/opt/ros/humble/share/geometry_msgs/cmake)
[1.660s] -- Found twist_mux: 4.2.0 (/opt/ros/humble/share/twist_mux/cmake)
[2.020s] -- Configuring done
[2.027s] -- Generating done
[2.029s] -- Build files have been written to: /home/cairlab/Documents/GitHub/Isaac_Thorvald/build/loki_twist_mux
[2.037s] Invoked command in '/home/cairlab/Documents/GitHub/Isaac_Thorvald/build/loki_twist_mux' returned '0': CMAKE_PREFIX_PATH=/opt/ros/humble /usr/bin/cmake /home/cairlab/Documents/GitHub/Isaac_Thorvald/thorvald_nvidia/loki/loki_twist_mux -DCMAKE_INSTALL_PREFIX=/home/cairlab/Documents/GitHub/Isaac_Thorvald/install/loki_twist_mux
[2.039s] Invoking command in '/home/cairlab/Documents/GitHub/Isaac_Thorvald/build/loki_twist_mux': CMAKE_PREFIX_PATH=/opt/ros/humble /usr/bin/cmake --build /home/cairlab/Documents/GitHub/Isaac_Thorvald/build/loki_twist_mux -- -j12 -l12
[2.072s] Invoked command in '/home/cairlab/Documents/GitHub/Isaac_Thorvald/build/loki_twist_mux' returned '0': CMAKE_PREFIX_PATH=/opt/ros/humble /usr/bin/cmake --build /home/cairlab/Documents/GitHub/Isaac_Thorvald/build/loki_twist_mux -- -j12 -l12
[2.098s] Invoking command in '/home/cairlab/Documents/GitHub/Isaac_Thorvald/build/loki_twist_mux': CMAKE_PREFIX_PATH=/opt/ros/humble /usr/bin/cmake --install /home/cairlab/Documents/GitHub/Isaac_Thorvald/build/loki_twist_mux
[2.103s] -- Install configuration: ""
[2.103s] -- Installing: /home/cairlab/Documents/GitHub/Isaac_Thorvald/install/loki_twist_mux/share/loki_twist_mux/launch
[2.103s] -- Installing: /home/cairlab/Documents/GitHub/Isaac_Thorvald/install/loki_twist_mux/share/loki_twist_mux/launch/twist_mux.launch
[2.103s] -- Installing: /home/cairlab/Documents/GitHub/Isaac_Thorvald/install/loki_twist_mux/share/loki_twist_mux/config
[2.104s] -- Installing: /home/cairlab/Documents/GitHub/Isaac_Thorvald/install/loki_twist_mux/share/loki_twist_mux/config/twist_mux_locks.yaml
[2.104s] -- Installing: /home/cairlab/Documents/GitHub/Isaac_Thorvald/install/loki_twist_mux/share/loki_twist_mux/config/twist_mux_topics.yaml
[2.104s] -- Installing: /home/cairlab/Documents/GitHub/Isaac_Thorvald/install/loki_twist_mux/share/ament_index/resource_index/package_run_dependencies/loki_twist_mux
[2.104s] -- Installing: /home/cairlab/Documents/GitHub/Isaac_Thorvald/install/loki_twist_mux/share/ament_index/resource_index/parent_prefix_path/loki_twist_mux
[2.104s] -- Installing: /home/cairlab/Documents/GitHub/Isaac_Thorvald/install/loki_twist_mux/share/loki_twist_mux/environment/ament_prefix_path.sh
[2.104s] -- Installing: /home/cairlab/Documents/GitHub/Isaac_Thorvald/install/loki_twist_mux/share/loki_twist_mux/environment/ament_prefix_path.dsv
[2.104s] -- Installing: /home/cairlab/Documents/GitHub/Isaac_Thorvald/install/loki_twist_mux/share/loki_twist_mux/environment/path.sh
[2.104s] -- Installing: /home/cairlab/Documents/GitHub/Isaac_Thorvald/install/loki_twist_mux/share/loki_twist_mux/environment/path.dsv
[2.104s] -- Installing: /home/cairlab/Documents/GitHub/Isaac_Thorvald/install/loki_twist_mux/share/loki_twist_mux/local_setup.bash
[2.105s] -- Installing: /home/cairlab/Documents/GitHub/Isaac_Thorvald/install/loki_twist_mux/share/loki_twist_mux/local_setup.sh
[2.105s] -- Installing: /home/cairlab/Documents/GitHub/Isaac_Thorvald/install/loki_twist_mux/share/loki_twist_mux/local_setup.zsh
[2.105s] -- Installing: /home/cairlab/Documents/GitHub/Isaac_Thorvald/install/loki_twist_mux/share/loki_twist_mux/local_setup.dsv
[2.105s] -- Installing: /home/cairlab/Documents/GitHub/Isaac_Thorvald/install/loki_twist_mux/share/loki_twist_mux/package.dsv
[2.105s] -- Installing: /home/cairlab/Documents/GitHub/Isaac_Thorvald/install/loki_twist_mux/share/ament_index/resource_index/packages/loki_twist_mux
[2.105s] -- Installing: /home/cairlab/Documents/GitHub/Isaac_Thorvald/install/loki_twist_mux/share/loki_twist_mux/cmake/loki_twist_muxConfig.cmake
[2.105s] -- Installing: /home/cairlab/Documents/GitHub/Isaac_Thorvald/install/loki_twist_mux/share/loki_twist_mux/cmake/loki_twist_muxConfig-version.cmake
[2.105s] -- Installing: /home/cairlab/Documents/GitHub/Isaac_Thorvald/install/loki_twist_mux/share/loki_twist_mux/package.xml
[2.107s] Invoked command in '/home/cairlab/Documents/GitHub/Isaac_Thorvald/build/loki_twist_mux' returned '0': CMAKE_PREFIX_PATH=/opt/ros/humble /usr/bin/cmake --install /home/cairlab/Documents/GitHub/Isaac_Thorvald/build/loki_twist_mux
